-- The C compiler identification is GNU 11.4.0
-- The CXX compiler identification is GNU 11.4.0
-- Detecting C compiler ABI info
-- Detecting C compiler ABI info - done
-- Check for working C compiler: /usr/bin/cc - skipped
-- Detecting C compile features
-- Detecting C compile features - done
-- Detecting CXX compiler ABI info
-- Detecting CXX compiler ABI info - done
-- Check for working CXX compiler: /usr/bin/c++ - skipped
-- Detecting CXX compile features
-- Detecting CXX compile features - done
-- Found ament_cmake: 1.3.10 (/opt/ros/humble/share/ament_cmake/cmake)
-- Found Python3: /usr/bin/python3 (found version "3.10.12") found components: Interpreter 
-- Found rclcpp: 16.0.10 (/opt/ros/humble/share/rclcpp/cmake)
-- Found rosidl_generator_c: 3.1.5 (/opt/ros/humble/share/rosidl_generator_c/cmake)
-- Found rosidl_adapter: 3.1.5 (/opt/ros/humble/share/rosidl_adapter/cmake)
-- Found rosidl_generator_cpp: 3.1.5 (/opt/ros/humble/share/rosidl_generator_cpp/cmake)
-- Using all available rosidl_typesupport_c: rosidl_typesupport_fastrtps_c;rosidl_typesupport_introspection_c
-- Using all available rosidl_typesupport_cpp: rosidl_typesupport_fastrtps_cpp;rosidl_typesupport_introspection_cpp
-- Found rmw_implementation_cmake: 6.1.2 (/opt/ros/humble/share/rmw_implementation_cmake/cmake)
-- Found rmw_fastrtps_cpp: 6.2.7 (/opt/ros/humble/share/rmw_fastrtps_cpp/cmake)
-- Found OpenSSL: /usr/lib/x86_64-linux-gnu/libcrypto.so (found version "3.0.2")  
-- Found FastRTPS: /opt/ros/humble/include  
-- Using RMW implementation 'rmw_fastrtps_cpp' as default
-- Looking for pthread.h
-- Looking for pthread.h - found
-- Performing Test CMAKE_HAVE_LIBC_PTHREAD
-- Performing Test CMAKE_HAVE_LIBC_PTHREAD - Success
-- Found Threads: TRUE  
-- Found geometry_msgs: 4.2.4 (/opt/ros/humble/share/geometry_msgs/cmake)
-- Found custom_interfaces: 0.0.0 (/home/vl/ros2/my_ws/install/custom_interfaces/share/custom_interfaces/cmake)
-- Found tf2: 0.25.8 (/opt/ros/humble/share/tf2/cmake)
-- Found tf2_ros: 0.25.8 (/opt/ros/humble/share/tf2_ros/cmake)
-- Found turtlesim: 1.4.2 (/opt/ros/humble/share/turtlesim/cmake)
-- Found ament_lint_auto: 0.12.11 (/opt/ros/humble/share/ament_lint_auto/cmake)
-- Added test 'cppcheck' to perform static code analysis on C / C++ code
-- Configured cppcheck include dirs: 
-- Configured cppcheck exclude dirs and/or files: 
-- Added test 'flake8' to check Python code syntax and style conventions
-- Added test 'lint_cmake' to check CMake code style
-- Added test 'pep257' to check Python code against some of the docstring style conventions in PEP 257
-- Added test 'uncrustify' to check C / C++ code style
-- Configured uncrustify additional arguments: 
-- Added test 'xmllint' to check XML markup files
-- Configuring done
-- Generating done
-- Build files have been written to: /home/vl/ROS_Module3_Exam/my_ws/build/ros_basic_lessons
[  5%] [32mBuilding CXX object CMakeFiles/sub_param.dir/src/sub_param.cpp.o[0m
[ 11%] [32mBuilding CXX object CMakeFiles/srv_node1.dir/src/service_node1.cpp.o[0m
[ 16%] [32mBuilding CXX object CMakeFiles/srv_node2.dir/src/service_node2.cpp.o[0m
[ 22%] [32mBuilding CXX object CMakeFiles/pub_param.dir/src/pub_param.cpp.o[0m
[ 27%] [32m[1mLinking CXX executable pub_param[0m
[ 27%] Built target pub_param
[ 33%] [32mBuilding CXX object CMakeFiles/pub_custom.dir/src/pub_custom.cpp.o[0m
[ 38%] [32m[1mLinking CXX executable srv_node2[0m
[ 44%] [32m[1mLinking CXX executable srv_node1[0m
[ 44%] Built target srv_node2
[ 50%] [32mBuilding CXX object CMakeFiles/sub_custom.dir/src/sub_custom.cpp.o[0m
[ 50%] Built target srv_node1
[ 55%] [32mBuilding CXX object CMakeFiles/turtle_sq_shape.dir/src/move_turtle_square_shape.cpp.o[0m
[ 61%] [32m[1mLinking CXX executable sub_param[0m
[ 66%] [32m[1mLinking CXX executable pub_custom[0m
[ 66%] Built target pub_custom
[ 72%] [32mBuilding CXX object CMakeFiles/tf2_broadcaster.dir/src/tf2_broadcaster.cpp.o[0m
[ 72%] Built target sub_param
[ 77%] [32mBuilding CXX object CMakeFiles/tf2_listener.dir/src/tf2_listener.cpp.o[0m
[ 83%] [32m[1mLinking CXX executable turtle_sq_shape[0m
[ 83%] Built target turtle_sq_shape
[ 88%] [32m[1mLinking CXX executable sub_custom[0m
[ 88%] Built target sub_custom
[ 94%] [32m[1mLinking CXX executable tf2_listener[0m
[ 94%] Built target tf2_listener
[100%] [32m[1mLinking CXX executable tf2_broadcaster[0m
[100%] Built target tf2_broadcaster
-- Install configuration: ""
-- Installing: /home/vl/ROS_Module3_Exam/my_ws/install/ros_basic_lessons/lib/ros_basic_lessons/pub_param
-- Set runtime path of "/home/vl/ROS_Module3_Exam/my_ws/install/ros_basic_lessons/lib/ros_basic_lessons/pub_param" to ""
-- Installing: /home/vl/ROS_Module3_Exam/my_ws/install/ros_basic_lessons/lib/ros_basic_lessons/sub_param
-- Set runtime path of "/home/vl/ROS_Module3_Exam/my_ws/install/ros_basic_lessons/lib/ros_basic_lessons/sub_param" to ""
-- Installing: /home/vl/ROS_Module3_Exam/my_ws/install/ros_basic_lessons/lib/ros_basic_lessons/srv_node1
-- Set runtime path of "/home/vl/ROS_Module3_Exam/my_ws/install/ros_basic_lessons/lib/ros_basic_lessons/srv_node1" to ""
-- Installing: /home/vl/ROS_Module3_Exam/my_ws/install/ros_basic_lessons/lib/ros_basic_lessons/srv_node2
-- Set runtime path of "/home/vl/ROS_Module3_Exam/my_ws/install/ros_basic_lessons/lib/ros_basic_lessons/srv_node2" to ""
-- Installing: /home/vl/ROS_Module3_Exam/my_ws/install/ros_basic_lessons/lib/ros_basic_lessons/pub_custom
-- Set runtime path of "/home/vl/ROS_Module3_Exam/my_ws/install/ros_basic_lessons/lib/ros_basic_lessons/pub_custom" to ""
-- Installing: /home/vl/ROS_Module3_Exam/my_ws/install/ros_basic_lessons/lib/ros_basic_lessons/sub_custom
-- Set runtime path of "/home/vl/ROS_Module3_Exam/my_ws/install/ros_basic_lessons/lib/ros_basic_lessons/sub_custom" to ""
-- Installing: /home/vl/ROS_Module3_Exam/my_ws/install/ros_basic_lessons/lib/ros_basic_lessons/turtle_sq_shape
-- Set runtime path of "/home/vl/ROS_Module3_Exam/my_ws/install/ros_basic_lessons/lib/ros_basic_lessons/turtle_sq_shape" to ""
-- Installing: /home/vl/ROS_Module3_Exam/my_ws/install/ros_basic_lessons/lib/ros_basic_lessons/tf2_broadcaster
-- Set runtime path of "/home/vl/ROS_Module3_Exam/my_ws/install/ros_basic_lessons/lib/ros_basic_lessons/tf2_broadcaster" to ""
-- Installing: /home/vl/ROS_Module3_Exam/my_ws/install/ros_basic_lessons/lib/ros_basic_lessons/tf2_listener
-- Set runtime path of "/home/vl/ROS_Module3_Exam/my_ws/install/ros_basic_lessons/lib/ros_basic_lessons/tf2_listener" to ""
-- Installing: /home/vl/ROS_Module3_Exam/my_ws/install/ros_basic_lessons/share/ros_basic_lessons/launch
-- Installing: /home/vl/ROS_Module3_Exam/my_ws/install/ros_basic_lessons/share/ros_basic_lessons/launch/custom_msg_display.launch.py
-- Installing: /home/vl/ROS_Module3_Exam/my_ws/install/ros_basic_lessons/share/ros_basic_lessons/launch/service_nodes_display.launch.py
-- Installing: /home/vl/ROS_Module3_Exam/my_ws/install/ros_basic_lessons/share/ros_basic_lessons/launch/turtle_square_shape_display.launch.py
-- Installing: /home/vl/ROS_Module3_Exam/my_ws/install/ros_basic_lessons/share/ros_basic_lessons/launch/param_display.launch.py
-- Installing: /home/vl/ROS_Module3_Exam/my_ws/install/ros_basic_lessons/share/ros_basic_lessons/launch/turtle_tf2_demo.launch.py
-- Installing: /home/vl/ROS_Module3_Exam/my_ws/install/ros_basic_lessons/share/ament_index/resource_index/package_run_dependencies/ros_basic_lessons
-- Installing: /home/vl/ROS_Module3_Exam/my_ws/install/ros_basic_lessons/share/ament_index/resource_index/parent_prefix_path/ros_basic_lessons
-- Installing: /home/vl/ROS_Module3_Exam/my_ws/install/ros_basic_lessons/share/ros_basic_lessons/environment/ament_prefix_path.sh
-- Installing: /home/vl/ROS_Module3_Exam/my_ws/install/ros_basic_lessons/share/ros_basic_lessons/environment/ament_prefix_path.dsv
-- Installing: /home/vl/ROS_Module3_Exam/my_ws/install/ros_basic_lessons/share/ros_basic_lessons/environment/path.sh
-- Installing: /home/vl/ROS_Module3_Exam/my_ws/install/ros_basic_lessons/share/ros_basic_lessons/environment/path.dsv
-- Installing: /home/vl/ROS_Module3_Exam/my_ws/install/ros_basic_lessons/share/ros_basic_lessons/local_setup.bash
-- Installing: /home/vl/ROS_Module3_Exam/my_ws/install/ros_basic_lessons/share/ros_basic_lessons/local_setup.sh
-- Installing: /home/vl/ROS_Module3_Exam/my_ws/install/ros_basic_lessons/share/ros_basic_lessons/local_setup.zsh
-- Installing: /home/vl/ROS_Module3_Exam/my_ws/install/ros_basic_lessons/share/ros_basic_lessons/local_setup.dsv
-- Installing: /home/vl/ROS_Module3_Exam/my_ws/install/ros_basic_lessons/share/ros_basic_lessons/package.dsv
-- Installing: /home/vl/ROS_Module3_Exam/my_ws/install/ros_basic_lessons/share/ament_index/resource_index/packages/ros_basic_lessons
-- Installing: /home/vl/ROS_Module3_Exam/my_ws/install/ros_basic_lessons/share/ros_basic_lessons/cmake/ros_basic_lessonsConfig.cmake
-- Installing: /home/vl/ROS_Module3_Exam/my_ws/install/ros_basic_lessons/share/ros_basic_lessons/cmake/ros_basic_lessonsConfig-version.cmake
-- Installing: /home/vl/ROS_Module3_Exam/my_ws/install/ros_basic_lessons/share/ros_basic_lessons/package.xml
