[0.159s] DEBUG:colcon:Command line arguments: ['/usr/bin/colcon', 'build']
[0.160s] DEBUG:colcon:Parsed command line arguments: Namespace(log_base=None, log_level=None, verb_name='build', build_base='build', install_base='install', merge_install=False, symlink_install=False, test_result_base=None, continue_on_error=False, executor='parallel', parallel_workers=4, event_handlers=None, ignore_user_meta=False, metas=['./colcon.meta'], base_paths=['.'], packages_ignore=None, packages_ignore_regex=None, paths=None, packages_up_to=None, packages_up_to_regex=None, packages_above=None, packages_above_and_dependencies=None, packages_above_depth=None, packages_select_by_dep=None, packages_skip_by_dep=None, packages_skip_up_to=None, packages_select_build_failed=False, packages_skip_build_finished=False, packages_select_test_failures=False, packages_skip_test_passed=False, packages_select=None, packages_skip=None, packages_select_regex=None, packages_skip_regex=None, packages_start=None, packages_end=None, allow_overriding=[], cmake_args=None, cmake_target=None, cmake_target_skip_unavailable=False, cmake_clean_cache=False, cmake_clean_first=False, cmake_force_configure=False, ament_cmake_args=None, catkin_cmake_args=None, catkin_skip_building_tests=False, verb_parser=<colcon_defaults.argument_parser.defaults.DefaultArgumentsDecorator object at 0x76685e4208e0>, verb_extension=<colcon_core.verb.build.BuildVerb object at 0x76685e549570>, main=<bound method BuildVerb.main of <colcon_core.verb.build.BuildVerb object at 0x76685e549570>>)
[0.431s] Level 1:colcon.colcon_core.package_discovery:discover_packages(colcon_meta) check parameters
[0.431s] Level 1:colcon.colcon_core.package_discovery:discover_packages(recursive) check parameters
[0.431s] Level 1:colcon.colcon_core.package_discovery:discover_packages(ignore) check parameters
[0.431s] Level 1:colcon.colcon_core.package_discovery:discover_packages(path) check parameters
[0.431s] Level 1:colcon.colcon_core.package_discovery:discover_packages(colcon_meta) discover
[0.431s] Level 1:colcon.colcon_core.package_discovery:discover_packages(recursive) discover
[0.431s] INFO:colcon.colcon_core.package_discovery:Crawling recursively for packages in '/home/vl/ROS_Module3_Exam/my_ws'
[0.431s] Level 1:colcon.colcon_core.package_identification:_identify(.) by extensions ['ignore', 'ignore_ament_install']
[0.431s] Level 1:colcon.colcon_core.package_identification:_identify(.) by extension 'ignore'
[0.431s] Level 1:colcon.colcon_core.package_identification:_identify(.) by extension 'ignore_ament_install'
[0.432s] Level 1:colcon.colcon_core.package_identification:_identify(.) by extensions ['colcon_pkg']
[0.432s] Level 1:colcon.colcon_core.package_identification:_identify(.) by extension 'colcon_pkg'
[0.432s] Level 1:colcon.colcon_core.package_identification:_identify(.) by extensions ['colcon_meta']
[0.432s] Level 1:colcon.colcon_core.package_identification:_identify(.) by extension 'colcon_meta'
[0.432s] Level 1:colcon.colcon_core.package_identification:_identify(.) by extensions ['ros']
[0.432s] Level 1:colcon.colcon_core.package_identification:_identify(.) by extension 'ros'
[0.448s] Level 1:colcon.colcon_core.package_identification:_identify(.) by extensions ['cmake', 'python']
[0.448s] Level 1:colcon.colcon_core.package_identification:_identify(.) by extension 'cmake'
[0.449s] Level 1:colcon.colcon_core.package_identification:_identify(.) by extension 'python'
[0.449s] Level 1:colcon.colcon_core.package_identification:_identify(.) by extensions ['python_setup_py']
[0.449s] Level 1:colcon.colcon_core.package_identification:_identify(.) by extension 'python_setup_py'
[0.449s] Level 1:colcon.colcon_core.package_identification:_identify(build) by extensions ['ignore', 'ignore_ament_install']
[0.449s] Level 1:colcon.colcon_core.package_identification:_identify(build) by extension 'ignore'
[0.449s] Level 1:colcon.colcon_core.package_identification:_identify(build) ignored
[0.449s] Level 1:colcon.colcon_core.package_identification:_identify(install) by extensions ['ignore', 'ignore_ament_install']
[0.449s] Level 1:colcon.colcon_core.package_identification:_identify(install) by extension 'ignore'
[0.449s] Level 1:colcon.colcon_core.package_identification:_identify(install) ignored
[0.450s] Level 1:colcon.colcon_core.package_identification:_identify(log) by extensions ['ignore', 'ignore_ament_install']
[0.450s] Level 1:colcon.colcon_core.package_identification:_identify(log) by extension 'ignore'
[0.450s] Level 1:colcon.colcon_core.package_identification:_identify(log) ignored
[0.450s] Level 1:colcon.colcon_core.package_identification:_identify(src) by extensions ['ignore', 'ignore_ament_install']
[0.450s] Level 1:colcon.colcon_core.package_identification:_identify(src) by extension 'ignore'
[0.450s] Level 1:colcon.colcon_core.package_identification:_identify(src) by extension 'ignore_ament_install'
[0.450s] Level 1:colcon.colcon_core.package_identification:_identify(src) by extensions ['colcon_pkg']
[0.450s] Level 1:colcon.colcon_core.package_identification:_identify(src) by extension 'colcon_pkg'
[0.450s] Level 1:colcon.colcon_core.package_identification:_identify(src) by extensions ['colcon_meta']
[0.450s] Level 1:colcon.colcon_core.package_identification:_identify(src) by extension 'colcon_meta'
[0.450s] Level 1:colcon.colcon_core.package_identification:_identify(src) by extensions ['ros']
[0.450s] Level 1:colcon.colcon_core.package_identification:_identify(src) by extension 'ros'
[0.451s] Level 1:colcon.colcon_core.package_identification:_identify(src) by extensions ['cmake', 'python']
[0.451s] Level 1:colcon.colcon_core.package_identification:_identify(src) by extension 'cmake'
[0.451s] Level 1:colcon.colcon_core.package_identification:_identify(src) by extension 'python'
[0.451s] Level 1:colcon.colcon_core.package_identification:_identify(src) by extensions ['python_setup_py']
[0.451s] Level 1:colcon.colcon_core.package_identification:_identify(src) by extension 'python_setup_py'
[0.451s] Level 1:colcon.colcon_core.package_identification:_identify(src/custom_interfaces) by extensions ['ignore', 'ignore_ament_install']
[0.451s] Level 1:colcon.colcon_core.package_identification:_identify(src/custom_interfaces) by extension 'ignore'
[0.451s] Level 1:colcon.colcon_core.package_identification:_identify(src/custom_interfaces) by extension 'ignore_ament_install'
[0.451s] Level 1:colcon.colcon_core.package_identification:_identify(src/custom_interfaces) by extensions ['colcon_pkg']
[0.451s] Level 1:colcon.colcon_core.package_identification:_identify(src/custom_interfaces) by extension 'colcon_pkg'
[0.451s] Level 1:colcon.colcon_core.package_identification:_identify(src/custom_interfaces) by extensions ['colcon_meta']
[0.451s] Level 1:colcon.colcon_core.package_identification:_identify(src/custom_interfaces) by extension 'colcon_meta'
[0.451s] Level 1:colcon.colcon_core.package_identification:_identify(src/custom_interfaces) by extensions ['ros']
[0.451s] Level 1:colcon.colcon_core.package_identification:_identify(src/custom_interfaces) by extension 'ros'
[0.455s] DEBUG:colcon.colcon_core.package_identification:Package 'src/custom_interfaces' with type 'ros.ament_cmake' and name 'custom_interfaces'
[0.455s] Level 1:colcon.colcon_core.package_identification:_identify(src/ros_basic_lessons) by extensions ['ignore', 'ignore_ament_install']
[0.455s] Level 1:colcon.colcon_core.package_identification:_identify(src/ros_basic_lessons) by extension 'ignore'
[0.455s] Level 1:colcon.colcon_core.package_identification:_identify(src/ros_basic_lessons) by extension 'ignore_ament_install'
[0.455s] Level 1:colcon.colcon_core.package_identification:_identify(src/ros_basic_lessons) by extensions ['colcon_pkg']
[0.456s] Level 1:colcon.colcon_core.package_identification:_identify(src/ros_basic_lessons) by extension 'colcon_pkg'
[0.456s] Level 1:colcon.colcon_core.package_identification:_identify(src/ros_basic_lessons) by extensions ['colcon_meta']
[0.456s] Level 1:colcon.colcon_core.package_identification:_identify(src/ros_basic_lessons) by extension 'colcon_meta'
[0.456s] Level 1:colcon.colcon_core.package_identification:_identify(src/ros_basic_lessons) by extensions ['ros']
[0.456s] Level 1:colcon.colcon_core.package_identification:_identify(src/ros_basic_lessons) by extension 'ros'
[0.457s] DEBUG:colcon.colcon_core.package_identification:Package 'src/ros_basic_lessons' with type 'ros.ament_cmake' and name 'ros_basic_lessons'
[0.457s] Level 1:colcon.colcon_core.package_discovery:discover_packages(recursive) using defaults
[0.457s] Level 1:colcon.colcon_core.package_discovery:discover_packages(ignore) discover
[0.457s] Level 1:colcon.colcon_core.package_discovery:discover_packages(ignore) using defaults
[0.457s] Level 1:colcon.colcon_core.package_discovery:discover_packages(path) discover
[0.457s] Level 1:colcon.colcon_core.package_discovery:discover_packages(path) using defaults
[0.488s] Level 1:colcon.colcon_core.package_discovery:discover_packages(prefix_path) check parameters
[0.488s] Level 1:colcon.colcon_core.package_discovery:discover_packages(prefix_path) discover
[0.493s] DEBUG:colcon.colcon_installed_package_information.package_discovery:Found 8 installed packages in /home/vl/ros2/workspace/install
[0.493s] DEBUG:colcon.colcon_installed_package_information.package_discovery:Found 2 installed packages in /home/vl/ros2/my_ws/install
[0.494s] DEBUG:colcon.colcon_installed_package_information.package_discovery:Found 13 installed packages in /home/vl/bobo_sim/ws/install
[0.496s] DEBUG:colcon.colcon_installed_package_information.package_discovery:Found 13 installed packages in /home/vl/ros2/bobo/install
[0.497s] DEBUG:colcon.colcon_installed_package_information.package_discovery:Found 2 installed packages in /home/vl/ros2/sim_ws/install
[0.498s] DEBUG:colcon.colcon_installed_package_information.package_discovery:Found 2 installed packages in /home/vl/ros2/bobo_workspace/install
[0.500s] DEBUG:colcon.colcon_installed_package_information.package_discovery:Found 327 installed packages in /opt/ros/humble
[0.516s] Level 1:colcon.colcon_core.package_discovery:discover_packages(prefix_path) using defaults
[0.583s] Level 5:colcon.colcon_core.verb:set package 'custom_interfaces' build argument 'cmake_args' from command line to 'None'
[0.584s] Level 5:colcon.colcon_core.verb:set package 'custom_interfaces' build argument 'cmake_target' from command line to 'None'
[0.584s] Level 5:colcon.colcon_core.verb:set package 'custom_interfaces' build argument 'cmake_target_skip_unavailable' from command line to 'False'
[0.584s] Level 5:colcon.colcon_core.verb:set package 'custom_interfaces' build argument 'cmake_clean_cache' from command line to 'False'
[0.584s] Level 5:colcon.colcon_core.verb:set package 'custom_interfaces' build argument 'cmake_clean_first' from command line to 'False'
[0.584s] Level 5:colcon.colcon_core.verb:set package 'custom_interfaces' build argument 'cmake_force_configure' from command line to 'False'
[0.584s] Level 5:colcon.colcon_core.verb:set package 'custom_interfaces' build argument 'ament_cmake_args' from command line to 'None'
[0.584s] Level 5:colcon.colcon_core.verb:set package 'custom_interfaces' build argument 'catkin_cmake_args' from command line to 'None'
[0.584s] Level 5:colcon.colcon_core.verb:set package 'custom_interfaces' build argument 'catkin_skip_building_tests' from command line to 'False'
[0.584s] DEBUG:colcon.colcon_core.verb:Building package 'custom_interfaces' with the following arguments: {'ament_cmake_args': None, 'build_base': '/home/vl/ROS_Module3_Exam/my_ws/build/custom_interfaces', 'catkin_cmake_args': None, 'catkin_skip_building_tests': False, 'cmake_args': None, 'cmake_clean_cache': False, 'cmake_clean_first': False, 'cmake_force_configure': False, 'cmake_target': None, 'cmake_target_skip_unavailable': False, 'install_base': '/home/vl/ROS_Module3_Exam/my_ws/install/custom_interfaces', 'merge_install': False, 'path': '/home/vl/ROS_Module3_Exam/my_ws/src/custom_interfaces', 'symlink_install': False, 'test_result_base': None}
[0.584s] Level 5:colcon.colcon_core.verb:set package 'ros_basic_lessons' build argument 'cmake_args' from command line to 'None'
[0.585s] Level 5:colcon.colcon_core.verb:set package 'ros_basic_lessons' build argument 'cmake_target' from command line to 'None'
[0.585s] Level 5:colcon.colcon_core.verb:set package 'ros_basic_lessons' build argument 'cmake_target_skip_unavailable' from command line to 'False'
[0.585s] Level 5:colcon.colcon_core.verb:set package 'ros_basic_lessons' build argument 'cmake_clean_cache' from command line to 'False'
[0.585s] Level 5:colcon.colcon_core.verb:set package 'ros_basic_lessons' build argument 'cmake_clean_first' from command line to 'False'
[0.585s] Level 5:colcon.colcon_core.verb:set package 'ros_basic_lessons' build argument 'cmake_force_configure' from command line to 'False'
[0.585s] Level 5:colcon.colcon_core.verb:set package 'ros_basic_lessons' build argument 'ament_cmake_args' from command line to 'None'
[0.585s] Level 5:colcon.colcon_core.verb:set package 'ros_basic_lessons' build argument 'catkin_cmake_args' from command line to 'None'
[0.585s] Level 5:colcon.colcon_core.verb:set package 'ros_basic_lessons' build argument 'catkin_skip_building_tests' from command line to 'False'
[0.585s] DEBUG:colcon.colcon_core.verb:Building package 'ros_basic_lessons' with the following arguments: {'ament_cmake_args': None, 'build_base': '/home/vl/ROS_Module3_Exam/my_ws/build/ros_basic_lessons', 'catkin_cmake_args': None, 'catkin_skip_building_tests': False, 'cmake_args': None, 'cmake_clean_cache': False, 'cmake_clean_first': False, 'cmake_force_configure': False, 'cmake_target': None, 'cmake_target_skip_unavailable': False, 'install_base': '/home/vl/ROS_Module3_Exam/my_ws/install/ros_basic_lessons', 'merge_install': False, 'path': '/home/vl/ROS_Module3_Exam/my_ws/src/ros_basic_lessons', 'symlink_install': False, 'test_result_base': None}
[0.585s] INFO:colcon.colcon_core.executor:Executing jobs using 'parallel' executor
[0.586s] DEBUG:colcon.colcon_parallel_executor.executor.parallel:run_until_complete
[0.587s] INFO:colcon.colcon_ros.task.ament_cmake.build:Building ROS package in '/home/vl/ROS_Module3_Exam/my_ws/src/custom_interfaces' with build type 'ament_cmake'
[0.587s] INFO:colcon.colcon_cmake.task.cmake.build:Building CMake package in '/home/vl/ROS_Module3_Exam/my_ws/src/custom_interfaces'
[0.590s] INFO:colcon.colcon_core.plugin_system:Skipping extension 'colcon_core.shell.bat': Not used on non-Windows systems
[0.590s] INFO:colcon.colcon_core.shell:Skip shell extension 'powershell' for command environment: Not usable outside of PowerShell
[0.590s] DEBUG:colcon.colcon_core.shell:Skip shell extension 'dsv' for command environment
[0.602s] INFO:colcon.colcon_ros.task.ament_cmake.build:Building ROS package in '/home/vl/ROS_Module3_Exam/my_ws/src/ros_basic_lessons' with build type 'ament_cmake'
[0.603s] INFO:colcon.colcon_cmake.task.cmake.build:Building CMake package in '/home/vl/ROS_Module3_Exam/my_ws/src/ros_basic_lessons'
[0.604s] INFO:colcon.colcon_core.shell:Skip shell extension 'powershell' for command environment: Not usable outside of PowerShell
[0.604s] DEBUG:colcon.colcon_core.shell:Skip shell extension 'dsv' for command environment
[0.623s] DEBUG:colcon.colcon_core.event_handler.log_command:Invoking command in '/home/vl/ROS_Module3_Exam/my_ws/build/custom_interfaces': CMAKE_PREFIX_PATH=${CMAKE_PREFIX_PATH}:/opt/ros/humble /usr/bin/cmake /home/vl/ROS_Module3_Exam/my_ws/src/custom_interfaces -DCMAKE_INSTALL_PREFIX=/home/vl/ROS_Module3_Exam/my_ws/install/custom_interfaces
[0.632s] DEBUG:colcon.colcon_core.event_handler.log_command:Invoking command in '/home/vl/ROS_Module3_Exam/my_ws/build/ros_basic_lessons': CMAKE_PREFIX_PATH=${CMAKE_PREFIX_PATH}:/opt/ros/humble /usr/bin/cmake /home/vl/ROS_Module3_Exam/my_ws/src/ros_basic_lessons -DCMAKE_INSTALL_PREFIX=/home/vl/ROS_Module3_Exam/my_ws/install/ros_basic_lessons
[3.460s] DEBUG:colcon.colcon_core.event_handler.log_command:Invoked command in '/home/vl/ROS_Module3_Exam/my_ws/build/ros_basic_lessons' returned '0': CMAKE_PREFIX_PATH=${CMAKE_PREFIX_PATH}:/opt/ros/humble /usr/bin/cmake /home/vl/ROS_Module3_Exam/my_ws/src/ros_basic_lessons -DCMAKE_INSTALL_PREFIX=/home/vl/ROS_Module3_Exam/my_ws/install/ros_basic_lessons
[3.462s] DEBUG:colcon.colcon_core.event_handler.log_command:Invoking command in '/home/vl/ROS_Module3_Exam/my_ws/build/ros_basic_lessons': CMAKE_PREFIX_PATH=${CMAKE_PREFIX_PATH}:/opt/ros/humble /usr/bin/cmake --build /home/vl/ROS_Module3_Exam/my_ws/build/ros_basic_lessons -- -j4 -l4
[5.631s] DEBUG:colcon.colcon_core.event_handler.log_command:Invoked command in '/home/vl/ROS_Module3_Exam/my_ws/build/custom_interfaces' returned '0': CMAKE_PREFIX_PATH=${CMAKE_PREFIX_PATH}:/opt/ros/humble /usr/bin/cmake /home/vl/ROS_Module3_Exam/my_ws/src/custom_interfaces -DCMAKE_INSTALL_PREFIX=/home/vl/ROS_Module3_Exam/my_ws/install/custom_interfaces
[5.633s] DEBUG:colcon.colcon_core.event_handler.log_command:Invoking command in '/home/vl/ROS_Module3_Exam/my_ws/build/custom_interfaces': CMAKE_PREFIX_PATH=${CMAKE_PREFIX_PATH}:/opt/ros/humble /usr/bin/cmake --build /home/vl/ROS_Module3_Exam/my_ws/build/custom_interfaces -- -j4 -l4
[20.433s] DEBUG:colcon.colcon_core.event_handler.log_command:Invoked command in '/home/vl/ROS_Module3_Exam/my_ws/build/custom_interfaces' returned '0': CMAKE_PREFIX_PATH=${CMAKE_PREFIX_PATH}:/opt/ros/humble /usr/bin/cmake --build /home/vl/ROS_Module3_Exam/my_ws/build/custom_interfaces -- -j4 -l4
[20.801s] DEBUG:colcon.colcon_core.event_handler.log_command:Invoking command in '/home/vl/ROS_Module3_Exam/my_ws/build/custom_interfaces': CMAKE_PREFIX_PATH=${CMAKE_PREFIX_PATH}:/opt/ros/humble /usr/bin/cmake --install /home/vl/ROS_Module3_Exam/my_ws/build/custom_interfaces
[21.113s] Level 1:colcon.colcon_core.environment:create_environment_scripts_only(custom_interfaces)
[21.115s] DEBUG:colcon.colcon_core.event_handler.log_command:Invoked command in '/home/vl/ROS_Module3_Exam/my_ws/build/custom_interfaces' returned '0': CMAKE_PREFIX_PATH=${CMAKE_PREFIX_PATH}:/opt/ros/humble /usr/bin/cmake --install /home/vl/ROS_Module3_Exam/my_ws/build/custom_interfaces
[21.119s] Level 1:colcon.colcon_core.environment:checking '/home/vl/ROS_Module3_Exam/my_ws/install/custom_interfaces' for CMake module files
[21.121s] Level 1:colcon.colcon_core.environment:checking '/home/vl/ROS_Module3_Exam/my_ws/install/custom_interfaces' for CMake config files
[21.123s] Level 1:colcon.colcon_core.shell:create_environment_hook('custom_interfaces', 'cmake_prefix_path')
[21.123s] INFO:colcon.colcon_core.shell:Creating environment hook '/home/vl/ROS_Module3_Exam/my_ws/install/custom_interfaces/share/custom_interfaces/hook/cmake_prefix_path.ps1'
[21.125s] INFO:colcon.colcon_core.shell:Creating environment descriptor '/home/vl/ROS_Module3_Exam/my_ws/install/custom_interfaces/share/custom_interfaces/hook/cmake_prefix_path.dsv'
[21.126s] INFO:colcon.colcon_core.shell:Creating environment hook '/home/vl/ROS_Module3_Exam/my_ws/install/custom_interfaces/share/custom_interfaces/hook/cmake_prefix_path.sh'
[21.130s] Level 1:colcon.colcon_core.environment:checking '/home/vl/ROS_Module3_Exam/my_ws/install/custom_interfaces/lib'
[21.130s] Level 1:colcon.colcon_core.shell:create_environment_hook('custom_interfaces', 'ld_library_path_lib')
[21.131s] INFO:colcon.colcon_core.shell:Creating environment hook '/home/vl/ROS_Module3_Exam/my_ws/install/custom_interfaces/share/custom_interfaces/hook/ld_library_path_lib.ps1'
[21.132s] INFO:colcon.colcon_core.shell:Creating environment descriptor '/home/vl/ROS_Module3_Exam/my_ws/install/custom_interfaces/share/custom_interfaces/hook/ld_library_path_lib.dsv'
[21.133s] INFO:colcon.colcon_core.shell:Creating environment hook '/home/vl/ROS_Module3_Exam/my_ws/install/custom_interfaces/share/custom_interfaces/hook/ld_library_path_lib.sh'
[21.134s] Level 1:colcon.colcon_core.environment:checking '/home/vl/ROS_Module3_Exam/my_ws/install/custom_interfaces/bin'
[21.134s] Level 1:colcon.colcon_core.environment:checking '/home/vl/ROS_Module3_Exam/my_ws/install/custom_interfaces/lib/pkgconfig/custom_interfaces.pc'
[21.134s] Level 1:colcon.colcon_core.environment:checking '/home/vl/ROS_Module3_Exam/my_ws/install/custom_interfaces/lib/python3.10/site-packages'
[21.135s] Level 1:colcon.colcon_core.environment:checking '/home/vl/ROS_Module3_Exam/my_ws/install/custom_interfaces/bin'
[21.136s] INFO:colcon.colcon_core.shell:Creating package script '/home/vl/ROS_Module3_Exam/my_ws/install/custom_interfaces/share/custom_interfaces/package.ps1'
[21.138s] INFO:colcon.colcon_core.shell:Creating package descriptor '/home/vl/ROS_Module3_Exam/my_ws/install/custom_interfaces/share/custom_interfaces/package.dsv'
[21.140s] INFO:colcon.colcon_core.shell:Creating package script '/home/vl/ROS_Module3_Exam/my_ws/install/custom_interfaces/share/custom_interfaces/package.sh'
[21.142s] INFO:colcon.colcon_core.shell:Creating package script '/home/vl/ROS_Module3_Exam/my_ws/install/custom_interfaces/share/custom_interfaces/package.bash'
[21.144s] INFO:colcon.colcon_core.shell:Creating package script '/home/vl/ROS_Module3_Exam/my_ws/install/custom_interfaces/share/custom_interfaces/package.zsh'
[21.146s] Level 1:colcon.colcon_core.environment:create_file_with_runtime_dependencies(/home/vl/ROS_Module3_Exam/my_ws/install/custom_interfaces/share/colcon-core/packages/custom_interfaces)
[21.567s] Level 1:colcon.colcon_core.environment:create_environment_scripts_only(custom_interfaces)
[21.568s] Level 1:colcon.colcon_core.environment:checking '/home/vl/ROS_Module3_Exam/my_ws/install/custom_interfaces' for CMake module files
[21.573s] Level 1:colcon.colcon_core.environment:checking '/home/vl/ROS_Module3_Exam/my_ws/install/custom_interfaces' for CMake config files
[21.574s] Level 1:colcon.colcon_core.shell:create_environment_hook('custom_interfaces', 'cmake_prefix_path')
[21.575s] INFO:colcon.colcon_core.shell:Creating environment hook '/home/vl/ROS_Module3_Exam/my_ws/install/custom_interfaces/share/custom_interfaces/hook/cmake_prefix_path.ps1'
[21.579s] INFO:colcon.colcon_core.shell:Creating environment descriptor '/home/vl/ROS_Module3_Exam/my_ws/install/custom_interfaces/share/custom_interfaces/hook/cmake_prefix_path.dsv'
[21.580s] INFO:colcon.colcon_core.shell:Creating environment hook '/home/vl/ROS_Module3_Exam/my_ws/install/custom_interfaces/share/custom_interfaces/hook/cmake_prefix_path.sh'
[21.585s] Level 1:colcon.colcon_core.environment:checking '/home/vl/ROS_Module3_Exam/my_ws/install/custom_interfaces/lib'
[21.585s] Level 1:colcon.colcon_core.shell:create_environment_hook('custom_interfaces', 'ld_library_path_lib')
[21.586s] INFO:colcon.colcon_core.shell:Creating environment hook '/home/vl/ROS_Module3_Exam/my_ws/install/custom_interfaces/share/custom_interfaces/hook/ld_library_path_lib.ps1'
[21.590s] INFO:colcon.colcon_core.shell:Creating environment descriptor '/home/vl/ROS_Module3_Exam/my_ws/install/custom_interfaces/share/custom_interfaces/hook/ld_library_path_lib.dsv'
[21.594s] INFO:colcon.colcon_core.shell:Creating environment hook '/home/vl/ROS_Module3_Exam/my_ws/install/custom_interfaces/share/custom_interfaces/hook/ld_library_path_lib.sh'
[21.595s] Level 1:colcon.colcon_core.environment:checking '/home/vl/ROS_Module3_Exam/my_ws/install/custom_interfaces/bin'
[21.595s] Level 1:colcon.colcon_core.environment:checking '/home/vl/ROS_Module3_Exam/my_ws/install/custom_interfaces/lib/pkgconfig/custom_interfaces.pc'
[21.596s] Level 1:colcon.colcon_core.environment:checking '/home/vl/ROS_Module3_Exam/my_ws/install/custom_interfaces/lib/python3.10/site-packages'
[21.596s] Level 1:colcon.colcon_core.environment:checking '/home/vl/ROS_Module3_Exam/my_ws/install/custom_interfaces/bin'
[21.597s] INFO:colcon.colcon_core.shell:Creating package script '/home/vl/ROS_Module3_Exam/my_ws/install/custom_interfaces/share/custom_interfaces/package.ps1'
[21.605s] INFO:colcon.colcon_core.shell:Creating package descriptor '/home/vl/ROS_Module3_Exam/my_ws/install/custom_interfaces/share/custom_interfaces/package.dsv'
[21.606s] INFO:colcon.colcon_core.shell:Creating package script '/home/vl/ROS_Module3_Exam/my_ws/install/custom_interfaces/share/custom_interfaces/package.sh'
[21.608s] INFO:colcon.colcon_core.shell:Creating package script '/home/vl/ROS_Module3_Exam/my_ws/install/custom_interfaces/share/custom_interfaces/package.bash'
[21.612s] INFO:colcon.colcon_core.shell:Creating package script '/home/vl/ROS_Module3_Exam/my_ws/install/custom_interfaces/share/custom_interfaces/package.zsh'
[21.614s] Level 1:colcon.colcon_core.environment:create_file_with_runtime_dependencies(/home/vl/ROS_Module3_Exam/my_ws/install/custom_interfaces/share/colcon-core/packages/custom_interfaces)
[47.882s] DEBUG:colcon.colcon_core.event_handler.log_command:Invoked command in '/home/vl/ROS_Module3_Exam/my_ws/build/ros_basic_lessons' returned '0': CMAKE_PREFIX_PATH=${CMAKE_PREFIX_PATH}:/opt/ros/humble /usr/bin/cmake --build /home/vl/ROS_Module3_Exam/my_ws/build/ros_basic_lessons -- -j4 -l4
[47.974s] DEBUG:colcon.colcon_core.event_handler.log_command:Invoking command in '/home/vl/ROS_Module3_Exam/my_ws/build/ros_basic_lessons': CMAKE_PREFIX_PATH=${CMAKE_PREFIX_PATH}:/opt/ros/humble /usr/bin/cmake --install /home/vl/ROS_Module3_Exam/my_ws/build/ros_basic_lessons
[48.022s] Level 1:colcon.colcon_core.environment:create_environment_scripts_only(ros_basic_lessons)
[48.023s] Level 1:colcon.colcon_core.environment:checking '/home/vl/ROS_Module3_Exam/my_ws/install/ros_basic_lessons' for CMake module files
[48.023s] DEBUG:colcon.colcon_core.event_handler.log_command:Invoked command in '/home/vl/ROS_Module3_Exam/my_ws/build/ros_basic_lessons' returned '0': CMAKE_PREFIX_PATH=${CMAKE_PREFIX_PATH}:/opt/ros/humble /usr/bin/cmake --install /home/vl/ROS_Module3_Exam/my_ws/build/ros_basic_lessons
[48.024s] Level 1:colcon.colcon_core.environment:checking '/home/vl/ROS_Module3_Exam/my_ws/install/ros_basic_lessons' for CMake config files
[48.024s] Level 1:colcon.colcon_core.shell:create_environment_hook('ros_basic_lessons', 'cmake_prefix_path')
[48.024s] INFO:colcon.colcon_core.shell:Creating environment hook '/home/vl/ROS_Module3_Exam/my_ws/install/ros_basic_lessons/share/ros_basic_lessons/hook/cmake_prefix_path.ps1'
[48.025s] INFO:colcon.colcon_core.shell:Creating environment descriptor '/home/vl/ROS_Module3_Exam/my_ws/install/ros_basic_lessons/share/ros_basic_lessons/hook/cmake_prefix_path.dsv'
[48.025s] INFO:colcon.colcon_core.shell:Creating environment hook '/home/vl/ROS_Module3_Exam/my_ws/install/ros_basic_lessons/share/ros_basic_lessons/hook/cmake_prefix_path.sh'
[48.026s] Level 1:colcon.colcon_core.environment:checking '/home/vl/ROS_Module3_Exam/my_ws/install/ros_basic_lessons/lib'
[48.026s] Level 1:colcon.colcon_core.environment:checking '/home/vl/ROS_Module3_Exam/my_ws/install/ros_basic_lessons/bin'
[48.026s] Level 1:colcon.colcon_core.environment:checking '/home/vl/ROS_Module3_Exam/my_ws/install/ros_basic_lessons/lib/pkgconfig/ros_basic_lessons.pc'
[48.027s] Level 1:colcon.colcon_core.environment:checking '/home/vl/ROS_Module3_Exam/my_ws/install/ros_basic_lessons/lib/python3.10/site-packages'
[48.027s] Level 1:colcon.colcon_core.environment:checking '/home/vl/ROS_Module3_Exam/my_ws/install/ros_basic_lessons/bin'
[48.027s] INFO:colcon.colcon_core.shell:Creating package script '/home/vl/ROS_Module3_Exam/my_ws/install/ros_basic_lessons/share/ros_basic_lessons/package.ps1'
[48.028s] INFO:colcon.colcon_core.shell:Creating package descriptor '/home/vl/ROS_Module3_Exam/my_ws/install/ros_basic_lessons/share/ros_basic_lessons/package.dsv'
[48.029s] INFO:colcon.colcon_core.shell:Creating package script '/home/vl/ROS_Module3_Exam/my_ws/install/ros_basic_lessons/share/ros_basic_lessons/package.sh'
[48.029s] INFO:colcon.colcon_core.shell:Creating package script '/home/vl/ROS_Module3_Exam/my_ws/install/ros_basic_lessons/share/ros_basic_lessons/package.bash'
[48.030s] INFO:colcon.colcon_core.shell:Creating package script '/home/vl/ROS_Module3_Exam/my_ws/install/ros_basic_lessons/share/ros_basic_lessons/package.zsh'
[48.030s] Level 1:colcon.colcon_core.environment:create_file_with_runtime_dependencies(/home/vl/ROS_Module3_Exam/my_ws/install/ros_basic_lessons/share/colcon-core/packages/ros_basic_lessons)
[48.118s] Level 1:colcon.colcon_core.environment:create_environment_scripts_only(ros_basic_lessons)
[48.119s] Level 1:colcon.colcon_core.environment:checking '/home/vl/ROS_Module3_Exam/my_ws/install/ros_basic_lessons' for CMake module files
[48.119s] Level 1:colcon.colcon_core.environment:checking '/home/vl/ROS_Module3_Exam/my_ws/install/ros_basic_lessons' for CMake config files
[48.120s] Level 1:colcon.colcon_core.shell:create_environment_hook('ros_basic_lessons', 'cmake_prefix_path')
[48.120s] INFO:colcon.colcon_core.shell:Creating environment hook '/home/vl/ROS_Module3_Exam/my_ws/install/ros_basic_lessons/share/ros_basic_lessons/hook/cmake_prefix_path.ps1'
[48.121s] INFO:colcon.colcon_core.shell:Creating environment descriptor '/home/vl/ROS_Module3_Exam/my_ws/install/ros_basic_lessons/share/ros_basic_lessons/hook/cmake_prefix_path.dsv'
[48.121s] INFO:colcon.colcon_core.shell:Creating environment hook '/home/vl/ROS_Module3_Exam/my_ws/install/ros_basic_lessons/share/ros_basic_lessons/hook/cmake_prefix_path.sh'
[48.122s] Level 1:colcon.colcon_core.environment:checking '/home/vl/ROS_Module3_Exam/my_ws/install/ros_basic_lessons/lib'
[48.122s] Level 1:colcon.colcon_core.environment:checking '/home/vl/ROS_Module3_Exam/my_ws/install/ros_basic_lessons/bin'
[48.122s] Level 1:colcon.colcon_core.environment:checking '/home/vl/ROS_Module3_Exam/my_ws/install/ros_basic_lessons/lib/pkgconfig/ros_basic_lessons.pc'
[48.122s] Level 1:colcon.colcon_core.environment:checking '/home/vl/ROS_Module3_Exam/my_ws/install/ros_basic_lessons/lib/python3.10/site-packages'
[48.123s] Level 1:colcon.colcon_core.environment:checking '/home/vl/ROS_Module3_Exam/my_ws/install/ros_basic_lessons/bin'
[48.123s] INFO:colcon.colcon_core.shell:Creating package script '/home/vl/ROS_Module3_Exam/my_ws/install/ros_basic_lessons/share/ros_basic_lessons/package.ps1'
[48.124s] INFO:colcon.colcon_core.shell:Creating package descriptor '/home/vl/ROS_Module3_Exam/my_ws/install/ros_basic_lessons/share/ros_basic_lessons/package.dsv'
[48.125s] INFO:colcon.colcon_core.shell:Creating package script '/home/vl/ROS_Module3_Exam/my_ws/install/ros_basic_lessons/share/ros_basic_lessons/package.sh'
[48.125s] INFO:colcon.colcon_core.shell:Creating package script '/home/vl/ROS_Module3_Exam/my_ws/install/ros_basic_lessons/share/ros_basic_lessons/package.bash'
[48.126s] INFO:colcon.colcon_core.shell:Creating package script '/home/vl/ROS_Module3_Exam/my_ws/install/ros_basic_lessons/share/ros_basic_lessons/package.zsh'
[48.127s] Level 1:colcon.colcon_core.environment:create_file_with_runtime_dependencies(/home/vl/ROS_Module3_Exam/my_ws/install/ros_basic_lessons/share/colcon-core/packages/ros_basic_lessons)
[48.127s] DEBUG:colcon.colcon_parallel_executor.executor.parallel:closing loop
[48.127s] DEBUG:colcon.colcon_parallel_executor.executor.parallel:loop closed
[48.128s] DEBUG:colcon.colcon_parallel_executor.executor.parallel:run_until_complete finished with '0'
[48.128s] DEBUG:colcon.colcon_core.event_reactor:joining thread
[48.135s] INFO:colcon.colcon_core.plugin_system:Skipping extension 'colcon_notification.desktop_notification.terminal_notifier': Not used on non-Darwin systems
[48.135s] INFO:colcon.colcon_core.plugin_system:Skipping extension 'colcon_notification.desktop_notification.win32': Not used on non-Windows systems
[48.135s] INFO:colcon.colcon_notification.desktop_notification:Sending desktop notification using 'notify2'
[48.157s] DEBUG:colcon.colcon_core.event_reactor:joined thread
[48.157s] INFO:colcon.colcon_core.shell:Creating prefix script '/home/vl/ROS_Module3_Exam/my_ws/install/local_setup.ps1'
[48.159s] INFO:colcon.colcon_core.shell:Creating prefix util module '/home/vl/ROS_Module3_Exam/my_ws/install/_local_setup_util_ps1.py'
[48.161s] INFO:colcon.colcon_core.shell:Creating prefix chain script '/home/vl/ROS_Module3_Exam/my_ws/install/setup.ps1'
[48.169s] INFO:colcon.colcon_core.shell:Creating prefix script '/home/vl/ROS_Module3_Exam/my_ws/install/local_setup.sh'
[48.170s] INFO:colcon.colcon_core.shell:Creating prefix util module '/home/vl/ROS_Module3_Exam/my_ws/install/_local_setup_util_sh.py'
[48.171s] INFO:colcon.colcon_core.shell:Creating prefix chain script '/home/vl/ROS_Module3_Exam/my_ws/install/setup.sh'
[48.177s] INFO:colcon.colcon_core.shell:Creating prefix script '/home/vl/ROS_Module3_Exam/my_ws/install/local_setup.bash'
[48.177s] INFO:colcon.colcon_core.shell:Creating prefix chain script '/home/vl/ROS_Module3_Exam/my_ws/install/setup.bash'
[48.181s] INFO:colcon.colcon_core.shell:Creating prefix script '/home/vl/ROS_Module3_Exam/my_ws/install/local_setup.zsh'
[48.182s] INFO:colcon.colcon_core.shell:Creating prefix chain script '/home/vl/ROS_Module3_Exam/my_ws/install/setup.zsh'
