[0.161s] DEBUG:colcon:Command line arguments: ['/usr/bin/colcon', 'build', '--packages-select', 'ros_basic_lessons']
[0.161s] DEBUG:colcon:Parsed command line arguments: Namespace(log_base=None, log_level=None, verb_name='build', build_base='build', install_base='install', merge_install=False, symlink_install=False, test_result_base=None, continue_on_error=False, executor='parallel', parallel_workers=4, event_handlers=None, ignore_user_meta=False, metas=['./colcon.meta'], base_paths=['.'], packages_ignore=None, packages_ignore_regex=None, paths=None, packages_up_to=None, packages_up_to_regex=None, packages_above=None, packages_above_and_dependencies=None, packages_above_depth=None, packages_select_by_dep=None, packages_skip_by_dep=None, packages_skip_up_to=None, packages_select_build_failed=False, packages_skip_build_finished=False, packages_select_test_failures=False, packages_skip_test_passed=False, packages_select=['ros_basic_lessons'], packages_skip=None, packages_select_regex=None, packages_skip_regex=None, packages_start=None, packages_end=None, allow_overriding=[], cmake_args=None, cmake_target=None, cmake_target_skip_unavailable=False, cmake_clean_cache=False, cmake_clean_first=False, cmake_force_configure=False, ament_cmake_args=None, catkin_cmake_args=None, catkin_skip_building_tests=False, verb_parser=<colcon_defaults.argument_parser.defaults.DefaultArgumentsDecorator object at 0x7a32bcd38c10>, verb_extension=<colcon_core.verb.build.BuildVerb object at 0x7a32bce49810>, main=<bound method BuildVerb.main of <colcon_core.verb.build.BuildVerb object at 0x7a32bce49810>>)
[0.487s] Level 1:colcon.colcon_core.package_discovery:discover_packages(colcon_meta) check parameters
[0.487s] Level 1:colcon.colcon_core.package_discovery:discover_packages(recursive) check parameters
[0.487s] Level 1:colcon.colcon_core.package_discovery:discover_packages(ignore) check parameters
[0.487s] Level 1:colcon.colcon_core.package_discovery:discover_packages(path) check parameters
[0.488s] Level 1:colcon.colcon_core.package_discovery:discover_packages(colcon_meta) discover
[0.488s] Level 1:colcon.colcon_core.package_discovery:discover_packages(recursive) discover
[0.488s] INFO:colcon.colcon_core.package_discovery:Crawling recursively for packages in '/home/vl/ROS_Module3_Exam/my_ws'
[0.488s] Level 1:colcon.colcon_core.package_identification:_identify(.) by extensions ['ignore', 'ignore_ament_install']
[0.488s] Level 1:colcon.colcon_core.package_identification:_identify(.) by extension 'ignore'
[0.488s] Level 1:colcon.colcon_core.package_identification:_identify(.) by extension 'ignore_ament_install'
[0.489s] Level 1:colcon.colcon_core.package_identification:_identify(.) by extensions ['colcon_pkg']
[0.489s] Level 1:colcon.colcon_core.package_identification:_identify(.) by extension 'colcon_pkg'
[0.489s] Level 1:colcon.colcon_core.package_identification:_identify(.) by extensions ['colcon_meta']
[0.489s] Level 1:colcon.colcon_core.package_identification:_identify(.) by extension 'colcon_meta'
[0.489s] Level 1:colcon.colcon_core.package_identification:_identify(.) by extensions ['ros']
[0.489s] Level 1:colcon.colcon_core.package_identification:_identify(.) by extension 'ros'
[0.517s] Level 1:colcon.colcon_core.package_identification:_identify(.) by extensions ['cmake', 'python']
[0.517s] Level 1:colcon.colcon_core.package_identification:_identify(.) by extension 'cmake'
[0.517s] Level 1:colcon.colcon_core.package_identification:_identify(.) by extension 'python'
[0.517s] Level 1:colcon.colcon_core.package_identification:_identify(.) by extensions ['python_setup_py']
[0.517s] Level 1:colcon.colcon_core.package_identification:_identify(.) by extension 'python_setup_py'
[0.517s] Level 1:colcon.colcon_core.package_identification:_identify(build) by extensions ['ignore', 'ignore_ament_install']
[0.518s] Level 1:colcon.colcon_core.package_identification:_identify(build) by extension 'ignore'
[0.518s] Level 1:colcon.colcon_core.package_identification:_identify(build) ignored
[0.518s] Level 1:colcon.colcon_core.package_identification:_identify(install) by extensions ['ignore', 'ignore_ament_install']
[0.518s] Level 1:colcon.colcon_core.package_identification:_identify(install) by extension 'ignore'
[0.518s] Level 1:colcon.colcon_core.package_identification:_identify(install) ignored
[0.518s] Level 1:colcon.colcon_core.package_identification:_identify(log) by extensions ['ignore', 'ignore_ament_install']
[0.519s] Level 1:colcon.colcon_core.package_identification:_identify(log) by extension 'ignore'
[0.519s] Level 1:colcon.colcon_core.package_identification:_identify(log) ignored
[0.519s] Level 1:colcon.colcon_core.package_identification:_identify(src) by extensions ['ignore', 'ignore_ament_install']
[0.519s] Level 1:colcon.colcon_core.package_identification:_identify(src) by extension 'ignore'
[0.519s] Level 1:colcon.colcon_core.package_identification:_identify(src) by extension 'ignore_ament_install'
[0.519s] Level 1:colcon.colcon_core.package_identification:_identify(src) by extensions ['colcon_pkg']
[0.519s] Level 1:colcon.colcon_core.package_identification:_identify(src) by extension 'colcon_pkg'
[0.519s] Level 1:colcon.colcon_core.package_identification:_identify(src) by extensions ['colcon_meta']
[0.520s] Level 1:colcon.colcon_core.package_identification:_identify(src) by extension 'colcon_meta'
[0.520s] Level 1:colcon.colcon_core.package_identification:_identify(src) by extensions ['ros']
[0.520s] Level 1:colcon.colcon_core.package_identification:_identify(src) by extension 'ros'
[0.520s] Level 1:colcon.colcon_core.package_identification:_identify(src) by extensions ['cmake', 'python']
[0.520s] Level 1:colcon.colcon_core.package_identification:_identify(src) by extension 'cmake'
[0.520s] Level 1:colcon.colcon_core.package_identification:_identify(src) by extension 'python'
[0.520s] Level 1:colcon.colcon_core.package_identification:_identify(src) by extensions ['python_setup_py']
[0.520s] Level 1:colcon.colcon_core.package_identification:_identify(src) by extension 'python_setup_py'
[0.521s] Level 1:colcon.colcon_core.package_identification:_identify(src/custom_interfaces) by extensions ['ignore', 'ignore_ament_install']
[0.521s] Level 1:colcon.colcon_core.package_identification:_identify(src/custom_interfaces) by extension 'ignore'
[0.521s] Level 1:colcon.colcon_core.package_identification:_identify(src/custom_interfaces) by extension 'ignore_ament_install'
[0.521s] Level 1:colcon.colcon_core.package_identification:_identify(src/custom_interfaces) by extensions ['colcon_pkg']
[0.521s] Level 1:colcon.colcon_core.package_identification:_identify(src/custom_interfaces) by extension 'colcon_pkg'
[0.521s] Level 1:colcon.colcon_core.package_identification:_identify(src/custom_interfaces) by extensions ['colcon_meta']
[0.521s] Level 1:colcon.colcon_core.package_identification:_identify(src/custom_interfaces) by extension 'colcon_meta'
[0.521s] Level 1:colcon.colcon_core.package_identification:_identify(src/custom_interfaces) by extensions ['ros']
[0.521s] Level 1:colcon.colcon_core.package_identification:_identify(src/custom_interfaces) by extension 'ros'
[0.527s] DEBUG:colcon.colcon_core.package_identification:Package 'src/custom_interfaces' with type 'ros.ament_cmake' and name 'custom_interfaces'
[0.527s] Level 1:colcon.colcon_core.package_identification:_identify(src/ros_basic_lessons) by extensions ['ignore', 'ignore_ament_install']
[0.528s] Level 1:colcon.colcon_core.package_identification:_identify(src/ros_basic_lessons) by extension 'ignore'
[0.528s] Level 1:colcon.colcon_core.package_identification:_identify(src/ros_basic_lessons) by extension 'ignore_ament_install'
[0.528s] Level 1:colcon.colcon_core.package_identification:_identify(src/ros_basic_lessons) by extensions ['colcon_pkg']
[0.528s] Level 1:colcon.colcon_core.package_identification:_identify(src/ros_basic_lessons) by extension 'colcon_pkg'
[0.528s] Level 1:colcon.colcon_core.package_identification:_identify(src/ros_basic_lessons) by extensions ['colcon_meta']
[0.528s] Level 1:colcon.colcon_core.package_identification:_identify(src/ros_basic_lessons) by extension 'colcon_meta'
[0.528s] Level 1:colcon.colcon_core.package_identification:_identify(src/ros_basic_lessons) by extensions ['ros']
[0.528s] Level 1:colcon.colcon_core.package_identification:_identify(src/ros_basic_lessons) by extension 'ros'
[0.531s] DEBUG:colcon.colcon_core.package_identification:Package 'src/ros_basic_lessons' with type 'ros.ament_cmake' and name 'ros_basic_lessons'
[0.531s] Level 1:colcon.colcon_core.package_discovery:discover_packages(recursive) using defaults
[0.531s] Level 1:colcon.colcon_core.package_discovery:discover_packages(ignore) discover
[0.531s] Level 1:colcon.colcon_core.package_discovery:discover_packages(ignore) using defaults
[0.532s] Level 1:colcon.colcon_core.package_discovery:discover_packages(path) discover
[0.532s] Level 1:colcon.colcon_core.package_discovery:discover_packages(path) using defaults
[0.580s] INFO:colcon.colcon_core.package_selection:Skipping not selected package 'custom_interfaces' in 'src/custom_interfaces'
[0.581s] Level 1:colcon.colcon_core.package_discovery:discover_packages(prefix_path) check parameters
[0.581s] Level 1:colcon.colcon_core.package_discovery:discover_packages(prefix_path) discover
[0.588s] DEBUG:colcon.colcon_installed_package_information.package_discovery:Found 2 installed packages in /home/vl/ROS_Module3_Exam/my_ws/install
[0.590s] DEBUG:colcon.colcon_installed_package_information.package_discovery:Found 8 installed packages in /home/vl/ros2/workspace/install
[0.591s] DEBUG:colcon.colcon_installed_package_information.package_discovery:Found 2 installed packages in /home/vl/ros2/my_ws/install
[0.593s] DEBUG:colcon.colcon_installed_package_information.package_discovery:Found 13 installed packages in /home/vl/bobo_sim/ws/install
[0.596s] DEBUG:colcon.colcon_installed_package_information.package_discovery:Found 13 installed packages in /home/vl/ros2/bobo/install
[0.600s] DEBUG:colcon.colcon_installed_package_information.package_discovery:Found 2 installed packages in /home/vl/ros2/sim_ws/install
[0.601s] DEBUG:colcon.colcon_installed_package_information.package_discovery:Found 2 installed packages in /home/vl/ros2/bobo_workspace/install
[0.605s] DEBUG:colcon.colcon_installed_package_information.package_discovery:Found 327 installed packages in /opt/ros/humble
[0.621s] Level 1:colcon.colcon_core.package_discovery:discover_packages(prefix_path) using defaults
[0.720s] Level 5:colcon.colcon_core.verb:set package 'ros_basic_lessons' build argument 'cmake_args' from command line to 'None'
[0.720s] Level 5:colcon.colcon_core.verb:set package 'ros_basic_lessons' build argument 'cmake_target' from command line to 'None'
[0.720s] Level 5:colcon.colcon_core.verb:set package 'ros_basic_lessons' build argument 'cmake_target_skip_unavailable' from command line to 'False'
[0.720s] Level 5:colcon.colcon_core.verb:set package 'ros_basic_lessons' build argument 'cmake_clean_cache' from command line to 'False'
[0.720s] Level 5:colcon.colcon_core.verb:set package 'ros_basic_lessons' build argument 'cmake_clean_first' from command line to 'False'
[0.720s] Level 5:colcon.colcon_core.verb:set package 'ros_basic_lessons' build argument 'cmake_force_configure' from command line to 'False'
[0.720s] Level 5:colcon.colcon_core.verb:set package 'ros_basic_lessons' build argument 'ament_cmake_args' from command line to 'None'
[0.720s] Level 5:colcon.colcon_core.verb:set package 'ros_basic_lessons' build argument 'catkin_cmake_args' from command line to 'None'
[0.720s] Level 5:colcon.colcon_core.verb:set package 'ros_basic_lessons' build argument 'catkin_skip_building_tests' from command line to 'False'
[0.720s] DEBUG:colcon.colcon_core.verb:Building package 'ros_basic_lessons' with the following arguments: {'ament_cmake_args': None, 'build_base': '/home/vl/ROS_Module3_Exam/my_ws/build/ros_basic_lessons', 'catkin_cmake_args': None, 'catkin_skip_building_tests': False, 'cmake_args': None, 'cmake_clean_cache': False, 'cmake_clean_first': False, 'cmake_force_configure': False, 'cmake_target': None, 'cmake_target_skip_unavailable': False, 'install_base': '/home/vl/ROS_Module3_Exam/my_ws/install/ros_basic_lessons', 'merge_install': False, 'path': '/home/vl/ROS_Module3_Exam/my_ws/src/ros_basic_lessons', 'symlink_install': False, 'test_result_base': None}
[0.721s] INFO:colcon.colcon_core.executor:Executing jobs using 'parallel' executor
[0.722s] DEBUG:colcon.colcon_parallel_executor.executor.parallel:run_until_complete
[0.723s] INFO:colcon.colcon_ros.task.ament_cmake.build:Building ROS package in '/home/vl/ROS_Module3_Exam/my_ws/src/ros_basic_lessons' with build type 'ament_cmake'
[0.723s] INFO:colcon.colcon_cmake.task.cmake.build:Building CMake package in '/home/vl/ROS_Module3_Exam/my_ws/src/ros_basic_lessons'
[0.727s] INFO:colcon.colcon_core.plugin_system:Skipping extension 'colcon_core.shell.bat': Not used on non-Windows systems
[0.728s] INFO:colcon.colcon_core.shell:Skip shell extension 'powershell' for command environment: Not usable outside of PowerShell
[0.728s] DEBUG:colcon.colcon_core.shell:Skip shell extension 'dsv' for command environment
[0.755s] DEBUG:colcon.colcon_core.event_handler.log_command:Invoking command in '/home/vl/ROS_Module3_Exam/my_ws/build/ros_basic_lessons': CMAKE_PREFIX_PATH=${CMAKE_PREFIX_PATH}:/opt/ros/humble /usr/bin/cmake --build /home/vl/ROS_Module3_Exam/my_ws/build/ros_basic_lessons -- -j4 -l4
[10.218s] DEBUG:colcon.colcon_core.event_handler.log_command:Invoked command in '/home/vl/ROS_Module3_Exam/my_ws/build/ros_basic_lessons' returned '0': CMAKE_PREFIX_PATH=${CMAKE_PREFIX_PATH}:/opt/ros/humble /usr/bin/cmake --build /home/vl/ROS_Module3_Exam/my_ws/build/ros_basic_lessons -- -j4 -l4
[10.345s] DEBUG:colcon.colcon_core.event_handler.log_command:Invoking command in '/home/vl/ROS_Module3_Exam/my_ws/build/ros_basic_lessons': CMAKE_PREFIX_PATH=${CMAKE_PREFIX_PATH}:/opt/ros/humble /usr/bin/cmake --install /home/vl/ROS_Module3_Exam/my_ws/build/ros_basic_lessons
[10.375s] Level 1:colcon.colcon_core.environment:create_environment_scripts_only(ros_basic_lessons)
[10.377s] DEBUG:colcon.colcon_core.event_handler.log_command:Invoked command in '/home/vl/ROS_Module3_Exam/my_ws/build/ros_basic_lessons' returned '0': CMAKE_PREFIX_PATH=${CMAKE_PREFIX_PATH}:/opt/ros/humble /usr/bin/cmake --install /home/vl/ROS_Module3_Exam/my_ws/build/ros_basic_lessons
[10.380s] Level 1:colcon.colcon_core.environment:checking '/home/vl/ROS_Module3_Exam/my_ws/install/ros_basic_lessons' for CMake module files
[10.381s] Level 1:colcon.colcon_core.environment:checking '/home/vl/ROS_Module3_Exam/my_ws/install/ros_basic_lessons' for CMake config files
[10.381s] Level 1:colcon.colcon_core.shell:create_environment_hook('ros_basic_lessons', 'cmake_prefix_path')
[10.381s] INFO:colcon.colcon_core.shell:Creating environment hook '/home/vl/ROS_Module3_Exam/my_ws/install/ros_basic_lessons/share/ros_basic_lessons/hook/cmake_prefix_path.ps1'
[10.382s] INFO:colcon.colcon_core.shell:Creating environment descriptor '/home/vl/ROS_Module3_Exam/my_ws/install/ros_basic_lessons/share/ros_basic_lessons/hook/cmake_prefix_path.dsv'
[10.383s] INFO:colcon.colcon_core.shell:Creating environment hook '/home/vl/ROS_Module3_Exam/my_ws/install/ros_basic_lessons/share/ros_basic_lessons/hook/cmake_prefix_path.sh'
[10.384s] Level 1:colcon.colcon_core.environment:checking '/home/vl/ROS_Module3_Exam/my_ws/install/ros_basic_lessons/lib'
[10.385s] Level 1:colcon.colcon_core.environment:checking '/home/vl/ROS_Module3_Exam/my_ws/install/ros_basic_lessons/bin'
[10.385s] Level 1:colcon.colcon_core.environment:checking '/home/vl/ROS_Module3_Exam/my_ws/install/ros_basic_lessons/lib/pkgconfig/ros_basic_lessons.pc'
[10.385s] Level 1:colcon.colcon_core.environment:checking '/home/vl/ROS_Module3_Exam/my_ws/install/ros_basic_lessons/lib/python3.10/site-packages'
[10.385s] Level 1:colcon.colcon_core.environment:checking '/home/vl/ROS_Module3_Exam/my_ws/install/ros_basic_lessons/bin'
[10.386s] INFO:colcon.colcon_core.shell:Creating package script '/home/vl/ROS_Module3_Exam/my_ws/install/ros_basic_lessons/share/ros_basic_lessons/package.ps1'
[10.388s] INFO:colcon.colcon_core.shell:Creating package descriptor '/home/vl/ROS_Module3_Exam/my_ws/install/ros_basic_lessons/share/ros_basic_lessons/package.dsv'
[10.389s] INFO:colcon.colcon_core.shell:Creating package script '/home/vl/ROS_Module3_Exam/my_ws/install/ros_basic_lessons/share/ros_basic_lessons/package.sh'
[10.391s] INFO:colcon.colcon_core.shell:Creating package script '/home/vl/ROS_Module3_Exam/my_ws/install/ros_basic_lessons/share/ros_basic_lessons/package.bash'
[10.393s] INFO:colcon.colcon_core.shell:Creating package script '/home/vl/ROS_Module3_Exam/my_ws/install/ros_basic_lessons/share/ros_basic_lessons/package.zsh'
[10.394s] Level 1:colcon.colcon_core.environment:create_file_with_runtime_dependencies(/home/vl/ROS_Module3_Exam/my_ws/install/ros_basic_lessons/share/colcon-core/packages/ros_basic_lessons)
[10.496s] Level 1:colcon.colcon_core.environment:create_environment_scripts_only(ros_basic_lessons)
[10.496s] Level 1:colcon.colcon_core.environment:checking '/home/vl/ROS_Module3_Exam/my_ws/install/ros_basic_lessons' for CMake module files
[10.497s] Level 1:colcon.colcon_core.environment:checking '/home/vl/ROS_Module3_Exam/my_ws/install/ros_basic_lessons' for CMake config files
[10.497s] Level 1:colcon.colcon_core.shell:create_environment_hook('ros_basic_lessons', 'cmake_prefix_path')
[10.498s] INFO:colcon.colcon_core.shell:Creating environment hook '/home/vl/ROS_Module3_Exam/my_ws/install/ros_basic_lessons/share/ros_basic_lessons/hook/cmake_prefix_path.ps1'
[10.498s] INFO:colcon.colcon_core.shell:Creating environment descriptor '/home/vl/ROS_Module3_Exam/my_ws/install/ros_basic_lessons/share/ros_basic_lessons/hook/cmake_prefix_path.dsv'
[10.499s] INFO:colcon.colcon_core.shell:Creating environment hook '/home/vl/ROS_Module3_Exam/my_ws/install/ros_basic_lessons/share/ros_basic_lessons/hook/cmake_prefix_path.sh'
[10.500s] Level 1:colcon.colcon_core.environment:checking '/home/vl/ROS_Module3_Exam/my_ws/install/ros_basic_lessons/lib'
[10.500s] Level 1:colcon.colcon_core.environment:checking '/home/vl/ROS_Module3_Exam/my_ws/install/ros_basic_lessons/bin'
[10.500s] Level 1:colcon.colcon_core.environment:checking '/home/vl/ROS_Module3_Exam/my_ws/install/ros_basic_lessons/lib/pkgconfig/ros_basic_lessons.pc'
[10.500s] Level 1:colcon.colcon_core.environment:checking '/home/vl/ROS_Module3_Exam/my_ws/install/ros_basic_lessons/lib/python3.10/site-packages'
[10.501s] Level 1:colcon.colcon_core.environment:checking '/home/vl/ROS_Module3_Exam/my_ws/install/ros_basic_lessons/bin'
[10.501s] INFO:colcon.colcon_core.shell:Creating package script '/home/vl/ROS_Module3_Exam/my_ws/install/ros_basic_lessons/share/ros_basic_lessons/package.ps1'
[10.502s] INFO:colcon.colcon_core.shell:Creating package descriptor '/home/vl/ROS_Module3_Exam/my_ws/install/ros_basic_lessons/share/ros_basic_lessons/package.dsv'
[10.503s] INFO:colcon.colcon_core.shell:Creating package script '/home/vl/ROS_Module3_Exam/my_ws/install/ros_basic_lessons/share/ros_basic_lessons/package.sh'
[10.504s] INFO:colcon.colcon_core.shell:Creating package script '/home/vl/ROS_Module3_Exam/my_ws/install/ros_basic_lessons/share/ros_basic_lessons/package.bash'
[10.505s] INFO:colcon.colcon_core.shell:Creating package script '/home/vl/ROS_Module3_Exam/my_ws/install/ros_basic_lessons/share/ros_basic_lessons/package.zsh'
[10.506s] Level 1:colcon.colcon_core.environment:create_file_with_runtime_dependencies(/home/vl/ROS_Module3_Exam/my_ws/install/ros_basic_lessons/share/colcon-core/packages/ros_basic_lessons)
[10.506s] DEBUG:colcon.colcon_parallel_executor.executor.parallel:closing loop
[10.507s] DEBUG:colcon.colcon_parallel_executor.executor.parallel:loop closed
[10.507s] DEBUG:colcon.colcon_parallel_executor.executor.parallel:run_until_complete finished with '0'
[10.507s] DEBUG:colcon.colcon_core.event_reactor:joining thread
[10.516s] INFO:colcon.colcon_core.plugin_system:Skipping extension 'colcon_notification.desktop_notification.terminal_notifier': Not used on non-Darwin systems
[10.516s] INFO:colcon.colcon_core.plugin_system:Skipping extension 'colcon_notification.desktop_notification.win32': Not used on non-Windows systems
[10.516s] INFO:colcon.colcon_notification.desktop_notification:Sending desktop notification using 'notify2'
[10.538s] DEBUG:colcon.colcon_core.event_reactor:joined thread
[10.538s] INFO:colcon.colcon_core.shell:Creating prefix script '/home/vl/ROS_Module3_Exam/my_ws/install/local_setup.ps1'
[10.540s] INFO:colcon.colcon_core.shell:Creating prefix util module '/home/vl/ROS_Module3_Exam/my_ws/install/_local_setup_util_ps1.py'
[10.544s] INFO:colcon.colcon_core.shell:Creating prefix chain script '/home/vl/ROS_Module3_Exam/my_ws/install/setup.ps1'
[10.552s] INFO:colcon.colcon_core.shell:Creating prefix script '/home/vl/ROS_Module3_Exam/my_ws/install/local_setup.sh'
[10.553s] INFO:colcon.colcon_core.shell:Creating prefix util module '/home/vl/ROS_Module3_Exam/my_ws/install/_local_setup_util_sh.py'
[10.555s] INFO:colcon.colcon_core.shell:Creating prefix chain script '/home/vl/ROS_Module3_Exam/my_ws/install/setup.sh'
[10.559s] INFO:colcon.colcon_core.shell:Creating prefix script '/home/vl/ROS_Module3_Exam/my_ws/install/local_setup.bash'
[10.560s] INFO:colcon.colcon_core.shell:Creating prefix chain script '/home/vl/ROS_Module3_Exam/my_ws/install/setup.bash'
[10.567s] INFO:colcon.colcon_core.shell:Creating prefix script '/home/vl/ROS_Module3_Exam/my_ws/install/local_setup.zsh'
[10.568s] INFO:colcon.colcon_core.shell:Creating prefix chain script '/home/vl/ROS_Module3_Exam/my_ws/install/setup.zsh'
