[0.038s] Invoking command in '/home/vl/ROS_Module3_Exam/my_ws/build/ros_basic_lessons': CMAKE_PREFIX_PATH=${CMAKE_PREFIX_PATH}:/opt/ros/humble /usr/bin/cmake --build /home/vl/ROS_Module3_Exam/my_ws/build/ros_basic_lessons -- -j4 -l4
[0.179s] [ 11%] Built target sub_param
[0.205s] [ 22%] Built target pub_param
[0.232s] [ 33%] Built target srv_node1
[0.235s] [ 44%] Built target srv_node2
[0.272s] [ 55%] Built target pub_custom
[0.313s] [ 66%] Built target tf2_broadcaster
[0.320s] [ 77%] Built target sub_custom
[0.325s] [ 88%] Built target turtle_sq_shape
[0.329s] [35m[1mConsolidate compiler generated dependencies of target tf2_listener[0m
[0.365s] [ 94%] [32mBuilding CXX object CMakeFiles/tf2_listener.dir/src/tf2_listener.cpp.o[0m
[9.290s] [100%] [32m[1mLinking CXX executable tf2_listener[0m
[9.756s] [100%] Built target tf2_listener
[9.779s] Invoked command in '/home/vl/ROS_Module3_Exam/my_ws/build/ros_basic_lessons' returned '0': CMAKE_PREFIX_PATH=${CMAKE_PREFIX_PATH}:/opt/ros/humble /usr/bin/cmake --build /home/vl/ROS_Module3_Exam/my_ws/build/ros_basic_lessons -- -j4 -l4
[9.990s] Invoking command in '/home/vl/ROS_Module3_Exam/my_ws/build/ros_basic_lessons': CMAKE_PREFIX_PATH=${CMAKE_PREFIX_PATH}:/opt/ros/humble /usr/bin/cmake --install /home/vl/ROS_Module3_Exam/my_ws/build/ros_basic_lessons
[10.006s] -- Install configuration: ""
[10.007s] -- Up-to-date: /home/vl/ROS_Module3_Exam/my_ws/install/ros_basic_lessons/lib/ros_basic_lessons/pub_param
[10.008s] -- Up-to-date: /home/vl/ROS_Module3_Exam/my_ws/install/ros_basic_lessons/lib/ros_basic_lessons/sub_param
[10.009s] -- Up-to-date: /home/vl/ROS_Module3_Exam/my_ws/install/ros_basic_lessons/lib/ros_basic_lessons/srv_node1
[10.009s] -- Up-to-date: /home/vl/ROS_Module3_Exam/my_ws/install/ros_basic_lessons/lib/ros_basic_lessons/srv_node2
[10.010s] -- Up-to-date: /home/vl/ROS_Module3_Exam/my_ws/install/ros_basic_lessons/lib/ros_basic_lessons/pub_custom
[10.011s] -- Up-to-date: /home/vl/ROS_Module3_Exam/my_ws/install/ros_basic_lessons/lib/ros_basic_lessons/sub_custom
[10.011s] -- Up-to-date: /home/vl/ROS_Module3_Exam/my_ws/install/ros_basic_lessons/lib/ros_basic_lessons/turtle_sq_shape
[10.012s] -- Up-to-date: /home/vl/ROS_Module3_Exam/my_ws/install/ros_basic_lessons/lib/ros_basic_lessons/tf2_broadcaster
[10.013s] -- Installing: /home/vl/ROS_Module3_Exam/my_ws/install/ros_basic_lessons/lib/ros_basic_lessons/tf2_listener
[10.018s] -- Set runtime path of "/home/vl/ROS_Module3_Exam/my_ws/install/ros_basic_lessons/lib/ros_basic_lessons/tf2_listener" to ""
[10.019s] -- Up-to-date: /home/vl/ROS_Module3_Exam/my_ws/install/ros_basic_lessons/share/ros_basic_lessons/launch
[10.020s] -- Up-to-date: /home/vl/ROS_Module3_Exam/my_ws/install/ros_basic_lessons/share/ros_basic_lessons/launch/custom_msg_display.launch.py
[10.021s] -- Up-to-date: /home/vl/ROS_Module3_Exam/my_ws/install/ros_basic_lessons/share/ros_basic_lessons/launch/service_nodes_display.launch.py
[10.021s] -- Up-to-date: /home/vl/ROS_Module3_Exam/my_ws/install/ros_basic_lessons/share/ros_basic_lessons/launch/turtle_square_shape_display.launch.py
[10.021s] -- Up-to-date: /home/vl/ROS_Module3_Exam/my_ws/install/ros_basic_lessons/share/ros_basic_lessons/launch/param_display.launch.py
[10.022s] -- Up-to-date: /home/vl/ROS_Module3_Exam/my_ws/install/ros_basic_lessons/share/ros_basic_lessons/launch/turtle_tf2_demo.launch.py
[10.022s] -- Up-to-date: /home/vl/ROS_Module3_Exam/my_ws/install/ros_basic_lessons/share/ament_index/resource_index/package_run_dependencies/ros_basic_lessons
[10.022s] -- Up-to-date: /home/vl/ROS_Module3_Exam/my_ws/install/ros_basic_lessons/share/ament_index/resource_index/parent_prefix_path/ros_basic_lessons
[10.022s] -- Up-to-date: /home/vl/ROS_Module3_Exam/my_ws/install/ros_basic_lessons/share/ros_basic_lessons/environment/ament_prefix_path.sh
[10.023s] -- Up-to-date: /home/vl/ROS_Module3_Exam/my_ws/install/ros_basic_lessons/share/ros_basic_lessons/environment/ament_prefix_path.dsv
[10.023s] -- Up-to-date: /home/vl/ROS_Module3_Exam/my_ws/install/ros_basic_lessons/share/ros_basic_lessons/environment/path.sh
[10.023s] -- Up-to-date: /home/vl/ROS_Module3_Exam/my_ws/install/ros_basic_lessons/share/ros_basic_lessons/environment/path.dsv
[10.023s] -- Up-to-date: /home/vl/ROS_Module3_Exam/my_ws/install/ros_basic_lessons/share/ros_basic_lessons/local_setup.bash
[10.024s] -- Up-to-date: /home/vl/ROS_Module3_Exam/my_ws/install/ros_basic_lessons/share/ros_basic_lessons/local_setup.sh
[10.024s] -- Up-to-date: /home/vl/ROS_Module3_Exam/my_ws/install/ros_basic_lessons/share/ros_basic_lessons/local_setup.zsh
[10.024s] -- Up-to-date: /home/vl/ROS_Module3_Exam/my_ws/install/ros_basic_lessons/share/ros_basic_lessons/local_setup.dsv
[10.024s] -- Installing: /home/vl/ROS_Module3_Exam/my_ws/install/ros_basic_lessons/share/ros_basic_lessons/package.dsv
[10.024s] -- Up-to-date: /home/vl/ROS_Module3_Exam/my_ws/install/ros_basic_lessons/share/ament_index/resource_index/packages/ros_basic_lessons
[10.024s] -- Up-to-date: /home/vl/ROS_Module3_Exam/my_ws/install/ros_basic_lessons/share/ros_basic_lessons/cmake/ros_basic_lessonsConfig.cmake
[10.025s] -- Up-to-date: /home/vl/ROS_Module3_Exam/my_ws/install/ros_basic_lessons/share/ros_basic_lessons/cmake/ros_basic_lessonsConfig-version.cmake
[10.025s] -- Up-to-date: /home/vl/ROS_Module3_Exam/my_ws/install/ros_basic_lessons/share/ros_basic_lessons/package.xml
[10.026s] Invoked command in '/home/vl/ROS_Module3_Exam/my_ws/build/ros_basic_lessons' returned '0': CMAKE_PREFIX_PATH=${CMAKE_PREFIX_PATH}:/opt/ros/humble /usr/bin/cmake --install /home/vl/ROS_Module3_Exam/my_ws/build/ros_basic_lessons
