[0.031s] Invoking command in '/home/vl/ROS_Module3_Exam/my_ws/build/ros_basic_lessons': CMAKE_PREFIX_PATH=${CMAKE_PREFIX_PATH}:/opt/ros/humble /usr/bin/cmake --build /home/vl/ROS_Module3_Exam/my_ws/build/ros_basic_lessons -- -j4 -l4
[0.192s] [ 11%] Built target pub_param
[0.198s] [ 22%] Built target srv_node2
[0.207s] [ 33%] Built target sub_param
[0.217s] [ 44%] Built target srv_node1
[0.288s] [ 55%] Built target pub_custom
[0.297s] [ 66%] Built target sub_custom
[0.311s] [ 77%] Built target turtle_sq_shape
[0.330s] [35m[1mConsolidate compiler generated dependencies of target tf2_listener[0m
[0.348s] [ 88%] Built target tf2_broadcaster
[0.376s] [ 94%] [32mBuilding CXX object CMakeFiles/tf2_listener.dir/src/tf2_listener.cpp.o[0m
[9.055s] [100%] [32m[1mLinking CXX executable tf2_listener[0m
[9.577s] [100%] Built target tf2_listener
[9.604s] Invoked command in '/home/vl/ROS_Module3_Exam/my_ws/build/ros_basic_lessons' returned '0': CMAKE_PREFIX_PATH=${CMAKE_PREFIX_PATH}:/opt/ros/humble /usr/bin/cmake --build /home/vl/ROS_Module3_Exam/my_ws/build/ros_basic_lessons -- -j4 -l4
[9.728s] Invoking command in '/home/vl/ROS_Module3_Exam/my_ws/build/ros_basic_lessons': CMAKE_PREFIX_PATH=${CMAKE_PREFIX_PATH}:/opt/ros/humble /usr/bin/cmake --install /home/vl/ROS_Module3_Exam/my_ws/build/ros_basic_lessons
[9.741s] -- Install configuration: ""
[9.741s] -- Up-to-date: /home/vl/ROS_Module3_Exam/my_ws/install/ros_basic_lessons/lib/ros_basic_lessons/pub_param
[9.742s] -- Up-to-date: /home/vl/ROS_Module3_Exam/my_ws/install/ros_basic_lessons/lib/ros_basic_lessons/sub_param
[9.743s] -- Up-to-date: /home/vl/ROS_Module3_Exam/my_ws/install/ros_basic_lessons/lib/ros_basic_lessons/srv_node1
[9.743s] -- Up-to-date: /home/vl/ROS_Module3_Exam/my_ws/install/ros_basic_lessons/lib/ros_basic_lessons/srv_node2
[9.744s] -- Up-to-date: /home/vl/ROS_Module3_Exam/my_ws/install/ros_basic_lessons/lib/ros_basic_lessons/pub_custom
[9.744s] -- Up-to-date: /home/vl/ROS_Module3_Exam/my_ws/install/ros_basic_lessons/lib/ros_basic_lessons/sub_custom
[9.745s] -- Up-to-date: /home/vl/ROS_Module3_Exam/my_ws/install/ros_basic_lessons/lib/ros_basic_lessons/turtle_sq_shape
[9.746s] -- Up-to-date: /home/vl/ROS_Module3_Exam/my_ws/install/ros_basic_lessons/lib/ros_basic_lessons/tf2_broadcaster
[9.747s] -- Installing: /home/vl/ROS_Module3_Exam/my_ws/install/ros_basic_lessons/lib/ros_basic_lessons/tf2_listener
[9.751s] -- Set runtime path of "/home/vl/ROS_Module3_Exam/my_ws/install/ros_basic_lessons/lib/ros_basic_lessons/tf2_listener" to ""
[9.751s] -- Up-to-date: /home/vl/ROS_Module3_Exam/my_ws/install/ros_basic_lessons/share/ros_basic_lessons/launch
[9.751s] -- Up-to-date: /home/vl/ROS_Module3_Exam/my_ws/install/ros_basic_lessons/share/ros_basic_lessons/launch/custom_msg_display.launch.py
[9.752s] -- Up-to-date: /home/vl/ROS_Module3_Exam/my_ws/install/ros_basic_lessons/share/ros_basic_lessons/launch/service_nodes_display.launch.py
[9.752s] -- Up-to-date: /home/vl/ROS_Module3_Exam/my_ws/install/ros_basic_lessons/share/ros_basic_lessons/launch/turtle_square_shape_display.launch.py
[9.752s] -- Up-to-date: /home/vl/ROS_Module3_Exam/my_ws/install/ros_basic_lessons/share/ros_basic_lessons/launch/param_display.launch.py
[9.753s] -- Up-to-date: /home/vl/ROS_Module3_Exam/my_ws/install/ros_basic_lessons/share/ros_basic_lessons/launch/turtle_tf2_demo.launch.py
[9.753s] -- Up-to-date: /home/vl/ROS_Module3_Exam/my_ws/install/ros_basic_lessons/share/ament_index/resource_index/package_run_dependencies/ros_basic_lessons
[9.753s] -- Up-to-date: /home/vl/ROS_Module3_Exam/my_ws/install/ros_basic_lessons/share/ament_index/resource_index/parent_prefix_path/ros_basic_lessons
[9.753s] -- Up-to-date: /home/vl/ROS_Module3_Exam/my_ws/install/ros_basic_lessons/share/ros_basic_lessons/environment/ament_prefix_path.sh
[9.754s] -- Up-to-date: /home/vl/ROS_Module3_Exam/my_ws/install/ros_basic_lessons/share/ros_basic_lessons/environment/ament_prefix_path.dsv
[9.754s] -- Up-to-date: /home/vl/ROS_Module3_Exam/my_ws/install/ros_basic_lessons/share/ros_basic_lessons/environment/path.sh
[9.754s] -- Up-to-date: /home/vl/ROS_Module3_Exam/my_ws/install/ros_basic_lessons/share/ros_basic_lessons/environment/path.dsv
[9.754s] -- Up-to-date: /home/vl/ROS_Module3_Exam/my_ws/install/ros_basic_lessons/share/ros_basic_lessons/local_setup.bash
[9.754s] -- Up-to-date: /home/vl/ROS_Module3_Exam/my_ws/install/ros_basic_lessons/share/ros_basic_lessons/local_setup.sh
[9.755s] -- Up-to-date: /home/vl/ROS_Module3_Exam/my_ws/install/ros_basic_lessons/share/ros_basic_lessons/local_setup.zsh
[9.755s] -- Up-to-date: /home/vl/ROS_Module3_Exam/my_ws/install/ros_basic_lessons/share/ros_basic_lessons/local_setup.dsv
[9.755s] -- Installing: /home/vl/ROS_Module3_Exam/my_ws/install/ros_basic_lessons/share/ros_basic_lessons/package.dsv
[9.755s] -- Up-to-date: /home/vl/ROS_Module3_Exam/my_ws/install/ros_basic_lessons/share/ament_index/resource_index/packages/ros_basic_lessons
[9.755s] -- Up-to-date: /home/vl/ROS_Module3_Exam/my_ws/install/ros_basic_lessons/share/ros_basic_lessons/cmake/ros_basic_lessonsConfig.cmake
[9.756s] -- Up-to-date: /home/vl/ROS_Module3_Exam/my_ws/install/ros_basic_lessons/share/ros_basic_lessons/cmake/ros_basic_lessonsConfig-version.cmake
[9.757s] -- Up-to-date: /home/vl/ROS_Module3_Exam/my_ws/install/ros_basic_lessons/share/ros_basic_lessons/package.xml
[9.757s] Invoked command in '/home/vl/ROS_Module3_Exam/my_ws/build/ros_basic_lessons' returned '0': CMAKE_PREFIX_PATH=${CMAKE_PREFIX_PATH}:/opt/ros/humble /usr/bin/cmake --install /home/vl/ROS_Module3_Exam/my_ws/build/ros_basic_lessons
