[0.228s] DEBUG:colcon:Command line arguments: ['/usr/bin/colcon', 'build', '--packages-select', 'ros_basic_lessons']
[0.228s] DEBUG:colcon:Parsed command line arguments: Namespace(log_base=None, log_level=None, verb_name='build', build_base='build', install_base='install', merge_install=False, symlink_install=False, test_result_base=None, continue_on_error=False, executor='parallel', parallel_workers=4, event_handlers=None, ignore_user_meta=False, metas=['./colcon.meta'], base_paths=['.'], packages_ignore=None, packages_ignore_regex=None, paths=None, packages_up_to=None, packages_up_to_regex=None, packages_above=None, packages_above_and_dependencies=None, packages_above_depth=None, packages_select_by_dep=None, packages_skip_by_dep=None, packages_skip_up_to=None, packages_select_build_failed=False, packages_skip_build_finished=False, packages_select_test_failures=False, packages_skip_test_passed=False, packages_select=['ros_basic_lessons'], packages_skip=None, packages_select_regex=None, packages_skip_regex=None, packages_start=None, packages_end=None, allow_overriding=[], cmake_args=None, cmake_target=None, cmake_target_skip_unavailable=False, cmake_clean_cache=False, cmake_clean_first=False, cmake_force_configure=False, ament_cmake_args=None, catkin_cmake_args=None, catkin_skip_building_tests=False, verb_parser=<colcon_defaults.argument_parser.defaults.DefaultArgumentsDecorator object at 0x737359df0c10>, verb_extension=<colcon_core.verb.build.BuildVerb object at 0x737359f49810>, main=<bound method BuildVerb.main of <colcon_core.verb.build.BuildVerb object at 0x737359f49810>>)
[0.766s] Level 1:colcon.colcon_core.package_discovery:discover_packages(colcon_meta) check parameters
[0.766s] Level 1:colcon.colcon_core.package_discovery:discover_packages(recursive) check parameters
[0.766s] Level 1:colcon.colcon_core.package_discovery:discover_packages(ignore) check parameters
[0.766s] Level 1:colcon.colcon_core.package_discovery:discover_packages(path) check parameters
[0.766s] Level 1:colcon.colcon_core.package_discovery:discover_packages(colcon_meta) discover
[0.766s] Level 1:colcon.colcon_core.package_discovery:discover_packages(recursive) discover
[0.767s] INFO:colcon.colcon_core.package_discovery:Crawling recursively for packages in '/home/vl/ROS_Module3_Exam/my_ws'
[0.767s] Level 1:colcon.colcon_core.package_identification:_identify(.) by extensions ['ignore', 'ignore_ament_install']
[0.767s] Level 1:colcon.colcon_core.package_identification:_identify(.) by extension 'ignore'
[0.767s] Level 1:colcon.colcon_core.package_identification:_identify(.) by extension 'ignore_ament_install'
[0.767s] Level 1:colcon.colcon_core.package_identification:_identify(.) by extensions ['colcon_pkg']
[0.767s] Level 1:colcon.colcon_core.package_identification:_identify(.) by extension 'colcon_pkg'
[0.767s] Level 1:colcon.colcon_core.package_identification:_identify(.) by extensions ['colcon_meta']
[0.767s] Level 1:colcon.colcon_core.package_identification:_identify(.) by extension 'colcon_meta'
[0.768s] Level 1:colcon.colcon_core.package_identification:_identify(.) by extensions ['ros']
[0.768s] Level 1:colcon.colcon_core.package_identification:_identify(.) by extension 'ros'
[0.793s] Level 1:colcon.colcon_core.package_identification:_identify(.) by extensions ['cmake', 'python']
[0.793s] Level 1:colcon.colcon_core.package_identification:_identify(.) by extension 'cmake'
[0.794s] Level 1:colcon.colcon_core.package_identification:_identify(.) by extension 'python'
[0.794s] Level 1:colcon.colcon_core.package_identification:_identify(.) by extensions ['python_setup_py']
[0.794s] Level 1:colcon.colcon_core.package_identification:_identify(.) by extension 'python_setup_py'
[0.794s] Level 1:colcon.colcon_core.package_identification:_identify(build) by extensions ['ignore', 'ignore_ament_install']
[0.794s] Level 1:colcon.colcon_core.package_identification:_identify(build) by extension 'ignore'
[0.794s] Level 1:colcon.colcon_core.package_identification:_identify(build) ignored
[0.795s] Level 1:colcon.colcon_core.package_identification:_identify(install) by extensions ['ignore', 'ignore_ament_install']
[0.795s] Level 1:colcon.colcon_core.package_identification:_identify(install) by extension 'ignore'
[0.795s] Level 1:colcon.colcon_core.package_identification:_identify(install) ignored
[0.795s] Level 1:colcon.colcon_core.package_identification:_identify(log) by extensions ['ignore', 'ignore_ament_install']
[0.795s] Level 1:colcon.colcon_core.package_identification:_identify(log) by extension 'ignore'
[0.796s] Level 1:colcon.colcon_core.package_identification:_identify(log) ignored
[0.796s] Level 1:colcon.colcon_core.package_identification:_identify(src) by extensions ['ignore', 'ignore_ament_install']
[0.796s] Level 1:colcon.colcon_core.package_identification:_identify(src) by extension 'ignore'
[0.796s] Level 1:colcon.colcon_core.package_identification:_identify(src) by extension 'ignore_ament_install'
[0.796s] Level 1:colcon.colcon_core.package_identification:_identify(src) by extensions ['colcon_pkg']
[0.796s] Level 1:colcon.colcon_core.package_identification:_identify(src) by extension 'colcon_pkg'
[0.796s] Level 1:colcon.colcon_core.package_identification:_identify(src) by extensions ['colcon_meta']
[0.797s] Level 1:colcon.colcon_core.package_identification:_identify(src) by extension 'colcon_meta'
[0.797s] Level 1:colcon.colcon_core.package_identification:_identify(src) by extensions ['ros']
[0.797s] Level 1:colcon.colcon_core.package_identification:_identify(src) by extension 'ros'
[0.797s] Level 1:colcon.colcon_core.package_identification:_identify(src) by extensions ['cmake', 'python']
[0.797s] Level 1:colcon.colcon_core.package_identification:_identify(src) by extension 'cmake'
[0.797s] Level 1:colcon.colcon_core.package_identification:_identify(src) by extension 'python'
[0.797s] Level 1:colcon.colcon_core.package_identification:_identify(src) by extensions ['python_setup_py']
[0.797s] Level 1:colcon.colcon_core.package_identification:_identify(src) by extension 'python_setup_py'
[0.797s] Level 1:colcon.colcon_core.package_identification:_identify(src/custom_interfaces) by extensions ['ignore', 'ignore_ament_install']
[0.798s] Level 1:colcon.colcon_core.package_identification:_identify(src/custom_interfaces) by extension 'ignore'
[0.798s] Level 1:colcon.colcon_core.package_identification:_identify(src/custom_interfaces) by extension 'ignore_ament_install'
[0.798s] Level 1:colcon.colcon_core.package_identification:_identify(src/custom_interfaces) by extensions ['colcon_pkg']
[0.798s] Level 1:colcon.colcon_core.package_identification:_identify(src/custom_interfaces) by extension 'colcon_pkg'
[0.798s] Level 1:colcon.colcon_core.package_identification:_identify(src/custom_interfaces) by extensions ['colcon_meta']
[0.798s] Level 1:colcon.colcon_core.package_identification:_identify(src/custom_interfaces) by extension 'colcon_meta'
[0.798s] Level 1:colcon.colcon_core.package_identification:_identify(src/custom_interfaces) by extensions ['ros']
[0.798s] Level 1:colcon.colcon_core.package_identification:_identify(src/custom_interfaces) by extension 'ros'
[0.803s] DEBUG:colcon.colcon_core.package_identification:Package 'src/custom_interfaces' with type 'ros.ament_cmake' and name 'custom_interfaces'
[0.804s] Level 1:colcon.colcon_core.package_identification:_identify(src/ros_basic_lessons) by extensions ['ignore', 'ignore_ament_install']
[0.804s] Level 1:colcon.colcon_core.package_identification:_identify(src/ros_basic_lessons) by extension 'ignore'
[0.805s] Level 1:colcon.colcon_core.package_identification:_identify(src/ros_basic_lessons) by extension 'ignore_ament_install'
[0.805s] Level 1:colcon.colcon_core.package_identification:_identify(src/ros_basic_lessons) by extensions ['colcon_pkg']
[0.805s] Level 1:colcon.colcon_core.package_identification:_identify(src/ros_basic_lessons) by extension 'colcon_pkg'
[0.805s] Level 1:colcon.colcon_core.package_identification:_identify(src/ros_basic_lessons) by extensions ['colcon_meta']
[0.805s] Level 1:colcon.colcon_core.package_identification:_identify(src/ros_basic_lessons) by extension 'colcon_meta'
[0.805s] Level 1:colcon.colcon_core.package_identification:_identify(src/ros_basic_lessons) by extensions ['ros']
[0.805s] Level 1:colcon.colcon_core.package_identification:_identify(src/ros_basic_lessons) by extension 'ros'
[0.809s] DEBUG:colcon.colcon_core.package_identification:Package 'src/ros_basic_lessons' with type 'ros.ament_cmake' and name 'ros_basic_lessons'
[0.809s] Level 1:colcon.colcon_core.package_discovery:discover_packages(recursive) using defaults
[0.809s] Level 1:colcon.colcon_core.package_discovery:discover_packages(ignore) discover
[0.809s] Level 1:colcon.colcon_core.package_discovery:discover_packages(ignore) using defaults
[0.809s] Level 1:colcon.colcon_core.package_discovery:discover_packages(path) discover
[0.809s] Level 1:colcon.colcon_core.package_discovery:discover_packages(path) using defaults
[0.861s] INFO:colcon.colcon_core.package_selection:Skipping not selected package 'custom_interfaces' in 'src/custom_interfaces'
[0.862s] Level 1:colcon.colcon_core.package_discovery:discover_packages(prefix_path) check parameters
[0.862s] Level 1:colcon.colcon_core.package_discovery:discover_packages(prefix_path) discover
[0.871s] DEBUG:colcon.colcon_installed_package_information.package_discovery:Found 2 installed packages in /home/vl/ROS_Module3_Exam/my_ws/install
[0.873s] DEBUG:colcon.colcon_installed_package_information.package_discovery:Found 8 installed packages in /home/vl/ros2/workspace/install
[0.874s] DEBUG:colcon.colcon_installed_package_information.package_discovery:Found 2 installed packages in /home/vl/ros2/my_ws/install
[0.876s] DEBUG:colcon.colcon_installed_package_information.package_discovery:Found 13 installed packages in /home/vl/bobo_sim/ws/install
[0.877s] DEBUG:colcon.colcon_installed_package_information.package_discovery:Found 13 installed packages in /home/vl/ros2/bobo/install
[0.879s] DEBUG:colcon.colcon_installed_package_information.package_discovery:Found 2 installed packages in /home/vl/ros2/sim_ws/install
[0.881s] DEBUG:colcon.colcon_installed_package_information.package_discovery:Found 2 installed packages in /home/vl/ros2/bobo_workspace/install
[0.885s] DEBUG:colcon.colcon_installed_package_information.package_discovery:Found 327 installed packages in /opt/ros/humble
[0.901s] Level 1:colcon.colcon_core.package_discovery:discover_packages(prefix_path) using defaults
[1.087s] Level 5:colcon.colcon_core.verb:set package 'ros_basic_lessons' build argument 'cmake_args' from command line to 'None'
[1.087s] Level 5:colcon.colcon_core.verb:set package 'ros_basic_lessons' build argument 'cmake_target' from command line to 'None'
[1.087s] Level 5:colcon.colcon_core.verb:set package 'ros_basic_lessons' build argument 'cmake_target_skip_unavailable' from command line to 'False'
[1.087s] Level 5:colcon.colcon_core.verb:set package 'ros_basic_lessons' build argument 'cmake_clean_cache' from command line to 'False'
[1.087s] Level 5:colcon.colcon_core.verb:set package 'ros_basic_lessons' build argument 'cmake_clean_first' from command line to 'False'
[1.087s] Level 5:colcon.colcon_core.verb:set package 'ros_basic_lessons' build argument 'cmake_force_configure' from command line to 'False'
[1.087s] Level 5:colcon.colcon_core.verb:set package 'ros_basic_lessons' build argument 'ament_cmake_args' from command line to 'None'
[1.088s] Level 5:colcon.colcon_core.verb:set package 'ros_basic_lessons' build argument 'catkin_cmake_args' from command line to 'None'
[1.088s] Level 5:colcon.colcon_core.verb:set package 'ros_basic_lessons' build argument 'catkin_skip_building_tests' from command line to 'False'
[1.088s] DEBUG:colcon.colcon_core.verb:Building package 'ros_basic_lessons' with the following arguments: {'ament_cmake_args': None, 'build_base': '/home/vl/ROS_Module3_Exam/my_ws/build/ros_basic_lessons', 'catkin_cmake_args': None, 'catkin_skip_building_tests': False, 'cmake_args': None, 'cmake_clean_cache': False, 'cmake_clean_first': False, 'cmake_force_configure': False, 'cmake_target': None, 'cmake_target_skip_unavailable': False, 'install_base': '/home/vl/ROS_Module3_Exam/my_ws/install/ros_basic_lessons', 'merge_install': False, 'path': '/home/vl/ROS_Module3_Exam/my_ws/src/ros_basic_lessons', 'symlink_install': False, 'test_result_base': None}
[1.088s] INFO:colcon.colcon_core.executor:Executing jobs using 'parallel' executor
[1.090s] DEBUG:colcon.colcon_parallel_executor.executor.parallel:run_until_complete
[1.091s] INFO:colcon.colcon_ros.task.ament_cmake.build:Building ROS package in '/home/vl/ROS_Module3_Exam/my_ws/src/ros_basic_lessons' with build type 'ament_cmake'
[1.091s] INFO:colcon.colcon_cmake.task.cmake.build:Building CMake package in '/home/vl/ROS_Module3_Exam/my_ws/src/ros_basic_lessons'
[1.098s] INFO:colcon.colcon_core.plugin_system:Skipping extension 'colcon_core.shell.bat': Not used on non-Windows systems
[1.098s] INFO:colcon.colcon_core.shell:Skip shell extension 'powershell' for command environment: Not usable outside of PowerShell
[1.098s] DEBUG:colcon.colcon_core.shell:Skip shell extension 'dsv' for command environment
[1.127s] DEBUG:colcon.colcon_core.event_handler.log_command:Invoking command in '/home/vl/ROS_Module3_Exam/my_ws/build/ros_basic_lessons': CMAKE_PREFIX_PATH=${CMAKE_PREFIX_PATH}:/opt/ros/humble /usr/bin/cmake --build /home/vl/ROS_Module3_Exam/my_ws/build/ros_basic_lessons -- -j4 -l4
[8.548s] DEBUG:colcon.colcon_core.event_handler.log_command:Invoked command in '/home/vl/ROS_Module3_Exam/my_ws/build/ros_basic_lessons' returned '0': CMAKE_PREFIX_PATH=${CMAKE_PREFIX_PATH}:/opt/ros/humble /usr/bin/cmake --build /home/vl/ROS_Module3_Exam/my_ws/build/ros_basic_lessons -- -j4 -l4
[8.687s] DEBUG:colcon.colcon_core.event_handler.log_command:Invoking command in '/home/vl/ROS_Module3_Exam/my_ws/build/ros_basic_lessons': CMAKE_PREFIX_PATH=${CMAKE_PREFIX_PATH}:/opt/ros/humble /usr/bin/cmake --install /home/vl/ROS_Module3_Exam/my_ws/build/ros_basic_lessons
[8.718s] Level 1:colcon.colcon_core.environment:create_environment_scripts_only(ros_basic_lessons)
[8.722s] DEBUG:colcon.colcon_core.event_handler.log_command:Invoked command in '/home/vl/ROS_Module3_Exam/my_ws/build/ros_basic_lessons' returned '0': CMAKE_PREFIX_PATH=${CMAKE_PREFIX_PATH}:/opt/ros/humble /usr/bin/cmake --install /home/vl/ROS_Module3_Exam/my_ws/build/ros_basic_lessons
[8.727s] Level 1:colcon.colcon_core.environment:checking '/home/vl/ROS_Module3_Exam/my_ws/install/ros_basic_lessons' for CMake module files
[8.729s] Level 1:colcon.colcon_core.environment:checking '/home/vl/ROS_Module3_Exam/my_ws/install/ros_basic_lessons' for CMake config files
[8.729s] Level 1:colcon.colcon_core.shell:create_environment_hook('ros_basic_lessons', 'cmake_prefix_path')
[8.730s] INFO:colcon.colcon_core.shell:Creating environment hook '/home/vl/ROS_Module3_Exam/my_ws/install/ros_basic_lessons/share/ros_basic_lessons/hook/cmake_prefix_path.ps1'
[8.731s] INFO:colcon.colcon_core.shell:Creating environment descriptor '/home/vl/ROS_Module3_Exam/my_ws/install/ros_basic_lessons/share/ros_basic_lessons/hook/cmake_prefix_path.dsv'
[8.732s] INFO:colcon.colcon_core.shell:Creating environment hook '/home/vl/ROS_Module3_Exam/my_ws/install/ros_basic_lessons/share/ros_basic_lessons/hook/cmake_prefix_path.sh'
[8.734s] Level 1:colcon.colcon_core.environment:checking '/home/vl/ROS_Module3_Exam/my_ws/install/ros_basic_lessons/lib'
[8.734s] Level 1:colcon.colcon_core.environment:checking '/home/vl/ROS_Module3_Exam/my_ws/install/ros_basic_lessons/bin'
[8.734s] Level 1:colcon.colcon_core.environment:checking '/home/vl/ROS_Module3_Exam/my_ws/install/ros_basic_lessons/lib/pkgconfig/ros_basic_lessons.pc'
[8.735s] Level 1:colcon.colcon_core.environment:checking '/home/vl/ROS_Module3_Exam/my_ws/install/ros_basic_lessons/lib/python3.10/site-packages'
[8.736s] Level 1:colcon.colcon_core.environment:checking '/home/vl/ROS_Module3_Exam/my_ws/install/ros_basic_lessons/bin'
[8.737s] INFO:colcon.colcon_core.shell:Creating package script '/home/vl/ROS_Module3_Exam/my_ws/install/ros_basic_lessons/share/ros_basic_lessons/package.ps1'
[8.739s] INFO:colcon.colcon_core.shell:Creating package descriptor '/home/vl/ROS_Module3_Exam/my_ws/install/ros_basic_lessons/share/ros_basic_lessons/package.dsv'
[8.740s] INFO:colcon.colcon_core.shell:Creating package script '/home/vl/ROS_Module3_Exam/my_ws/install/ros_basic_lessons/share/ros_basic_lessons/package.sh'
[8.742s] INFO:colcon.colcon_core.shell:Creating package script '/home/vl/ROS_Module3_Exam/my_ws/install/ros_basic_lessons/share/ros_basic_lessons/package.bash'
[8.744s] INFO:colcon.colcon_core.shell:Creating package script '/home/vl/ROS_Module3_Exam/my_ws/install/ros_basic_lessons/share/ros_basic_lessons/package.zsh'
[8.746s] Level 1:colcon.colcon_core.environment:create_file_with_runtime_dependencies(/home/vl/ROS_Module3_Exam/my_ws/install/ros_basic_lessons/share/colcon-core/packages/ros_basic_lessons)
[8.860s] Level 1:colcon.colcon_core.environment:create_environment_scripts_only(ros_basic_lessons)
[8.860s] Level 1:colcon.colcon_core.environment:checking '/home/vl/ROS_Module3_Exam/my_ws/install/ros_basic_lessons' for CMake module files
[8.861s] Level 1:colcon.colcon_core.environment:checking '/home/vl/ROS_Module3_Exam/my_ws/install/ros_basic_lessons' for CMake config files
[8.862s] Level 1:colcon.colcon_core.shell:create_environment_hook('ros_basic_lessons', 'cmake_prefix_path')
[8.862s] INFO:colcon.colcon_core.shell:Creating environment hook '/home/vl/ROS_Module3_Exam/my_ws/install/ros_basic_lessons/share/ros_basic_lessons/hook/cmake_prefix_path.ps1'
[8.863s] INFO:colcon.colcon_core.shell:Creating environment descriptor '/home/vl/ROS_Module3_Exam/my_ws/install/ros_basic_lessons/share/ros_basic_lessons/hook/cmake_prefix_path.dsv'
[8.864s] INFO:colcon.colcon_core.shell:Creating environment hook '/home/vl/ROS_Module3_Exam/my_ws/install/ros_basic_lessons/share/ros_basic_lessons/hook/cmake_prefix_path.sh'
[8.865s] Level 1:colcon.colcon_core.environment:checking '/home/vl/ROS_Module3_Exam/my_ws/install/ros_basic_lessons/lib'
[8.865s] Level 1:colcon.colcon_core.environment:checking '/home/vl/ROS_Module3_Exam/my_ws/install/ros_basic_lessons/bin'
[8.865s] Level 1:colcon.colcon_core.environment:checking '/home/vl/ROS_Module3_Exam/my_ws/install/ros_basic_lessons/lib/pkgconfig/ros_basic_lessons.pc'
[8.865s] Level 1:colcon.colcon_core.environment:checking '/home/vl/ROS_Module3_Exam/my_ws/install/ros_basic_lessons/lib/python3.10/site-packages'
[8.866s] Level 1:colcon.colcon_core.environment:checking '/home/vl/ROS_Module3_Exam/my_ws/install/ros_basic_lessons/bin'
[8.866s] INFO:colcon.colcon_core.shell:Creating package script '/home/vl/ROS_Module3_Exam/my_ws/install/ros_basic_lessons/share/ros_basic_lessons/package.ps1'
[8.868s] INFO:colcon.colcon_core.shell:Creating package descriptor '/home/vl/ROS_Module3_Exam/my_ws/install/ros_basic_lessons/share/ros_basic_lessons/package.dsv'
[8.870s] INFO:colcon.colcon_core.shell:Creating package script '/home/vl/ROS_Module3_Exam/my_ws/install/ros_basic_lessons/share/ros_basic_lessons/package.sh'
[8.871s] INFO:colcon.colcon_core.shell:Creating package script '/home/vl/ROS_Module3_Exam/my_ws/install/ros_basic_lessons/share/ros_basic_lessons/package.bash'
[8.872s] INFO:colcon.colcon_core.shell:Creating package script '/home/vl/ROS_Module3_Exam/my_ws/install/ros_basic_lessons/share/ros_basic_lessons/package.zsh'
[8.874s] Level 1:colcon.colcon_core.environment:create_file_with_runtime_dependencies(/home/vl/ROS_Module3_Exam/my_ws/install/ros_basic_lessons/share/colcon-core/packages/ros_basic_lessons)
[8.874s] DEBUG:colcon.colcon_parallel_executor.executor.parallel:closing loop
[8.875s] DEBUG:colcon.colcon_parallel_executor.executor.parallel:loop closed
[8.875s] DEBUG:colcon.colcon_parallel_executor.executor.parallel:run_until_complete finished with '0'
[8.875s] DEBUG:colcon.colcon_core.event_reactor:joining thread
[8.885s] INFO:colcon.colcon_core.plugin_system:Skipping extension 'colcon_notification.desktop_notification.terminal_notifier': Not used on non-Darwin systems
[8.885s] INFO:colcon.colcon_core.plugin_system:Skipping extension 'colcon_notification.desktop_notification.win32': Not used on non-Windows systems
[8.885s] INFO:colcon.colcon_notification.desktop_notification:Sending desktop notification using 'notify2'
[8.904s] DEBUG:colcon.colcon_core.event_reactor:joined thread
[8.905s] INFO:colcon.colcon_core.shell:Creating prefix script '/home/vl/ROS_Module3_Exam/my_ws/install/local_setup.ps1'
[8.907s] INFO:colcon.colcon_core.shell:Creating prefix util module '/home/vl/ROS_Module3_Exam/my_ws/install/_local_setup_util_ps1.py'
[8.912s] INFO:colcon.colcon_core.shell:Creating prefix chain script '/home/vl/ROS_Module3_Exam/my_ws/install/setup.ps1'
[8.917s] INFO:colcon.colcon_core.shell:Creating prefix script '/home/vl/ROS_Module3_Exam/my_ws/install/local_setup.sh'
[8.918s] INFO:colcon.colcon_core.shell:Creating prefix util module '/home/vl/ROS_Module3_Exam/my_ws/install/_local_setup_util_sh.py'
[8.920s] INFO:colcon.colcon_core.shell:Creating prefix chain script '/home/vl/ROS_Module3_Exam/my_ws/install/setup.sh'
[8.928s] INFO:colcon.colcon_core.shell:Creating prefix script '/home/vl/ROS_Module3_Exam/my_ws/install/local_setup.bash'
[8.929s] INFO:colcon.colcon_core.shell:Creating prefix chain script '/home/vl/ROS_Module3_Exam/my_ws/install/setup.bash'
[8.934s] INFO:colcon.colcon_core.shell:Creating prefix script '/home/vl/ROS_Module3_Exam/my_ws/install/local_setup.zsh'
[8.935s] INFO:colcon.colcon_core.shell:Creating prefix chain script '/home/vl/ROS_Module3_Exam/my_ws/install/setup.zsh'
